<?xml version="1.0" encoding="UTF-8"?>
<coverage generated="1520594547331" clover="3.2.0">
  <project timestamp="1520594547332" name="All files">
    <metrics statements="59" coveredstatements="54" conditionals="22" coveredconditionals="20" methods="23" coveredmethods="19" elements="104" coveredelements="93" complexity="0" loc="59" ncloc="59" packages="2" files="5" classes="5">
      <package name="actions">
        <metrics statements="32" coveredstatements="29" conditionals="0" coveredconditionals="0" methods="16" coveredmethods="14"/>
        <file name="actionTypes.js" path="/Users/sccofield/Desktop/moreRecipes/client/src/actions/actionTypes.js">
          <metrics statements="0" coveredstatements="0" conditionals="0" coveredconditionals="0" methods="0" coveredmethods="0"/>
        </file>
        <file name="login.js" path="/Users/sccofield/Desktop/moreRecipes/client/src/actions/login.js">
          <metrics statements="13" coveredstatements="12" conditionals="0" coveredconditionals="0" methods="7" coveredmethods="6"/>
          <line num="4" count="1" type="stmt"/>
          <line num="7" count="1" type="stmt"/>
          <line num="12" count="1" type="stmt"/>
          <line num="18" count="2" type="stmt"/>
          <line num="22" count="2" type="stmt"/>
          <line num="23" count="2" type="stmt"/>
          <line num="24" count="2" type="stmt"/>
          <line num="27" count="1" type="stmt"/>
          <line num="28" count="1" type="stmt"/>
          <line num="29" count="1" type="stmt"/>
          <line num="30" count="0" type="stmt"/>
          <line num="34" count="2" type="stmt"/>
          <line num="35" count="1" type="stmt"/>
        </file>
        <file name="logout.js" path="/Users/sccofield/Desktop/moreRecipes/client/src/actions/logout.js">
          <metrics statements="7" coveredstatements="7" conditionals="0" coveredconditionals="0" methods="3" coveredmethods="3"/>
          <line num="4" count="1" type="stmt"/>
          <line num="6" count="1" type="stmt"/>
          <line num="10" count="1" type="stmt"/>
          <line num="11" count="1" type="stmt"/>
          <line num="12" count="1" type="stmt"/>
          <line num="13" count="1" type="stmt"/>
          <line num="14" count="1" type="stmt"/>
        </file>
        <file name="register.js" path="/Users/sccofield/Desktop/moreRecipes/client/src/actions/register.js">
          <metrics statements="12" coveredstatements="10" conditionals="0" coveredconditionals="0" methods="6" coveredmethods="5"/>
          <line num="4" count="1" type="stmt"/>
          <line num="7" count="1" type="stmt"/>
          <line num="13" count="1" type="stmt"/>
          <line num="19" count="2" type="stmt"/>
          <line num="22" count="1" type="stmt"/>
          <line num="23" count="1" type="stmt"/>
          <line num="24" count="1" type="stmt"/>
          <line num="25" count="0" type="stmt"/>
          <line num="26" count="0" type="stmt"/>
          <line num="29" count="2" type="stmt"/>
          <line num="30" count="1" type="stmt"/>
          <line num="31" count="1" type="stmt"/>
        </file>
      </package>
      <package name="reducers">
        <metrics statements="27" coveredstatements="25" conditionals="22" coveredconditionals="20" methods="7" coveredmethods="5"/>
        <file name="recipe.js" path="/Users/sccofield/Desktop/moreRecipes/client/src/reducers/recipe.js">
          <metrics statements="27" coveredstatements="25" conditionals="22" coveredconditionals="20" methods="7" coveredmethods="5"/>
          <line num="20" count="1" type="stmt"/>
          <line num="22" count="1" type="stmt"/>
          <line num="51" count="18" type="cond" truecount="18" falsecount="0"/>
          <line num="53" count="1" type="stmt"/>
          <line num="58" count="1" type="stmt"/>
          <line num="65" count="1" type="stmt"/>
          <line num="71" count="1" type="stmt"/>
          <line num="77" count="1" type="stmt"/>
          <line num="84" count="1" type="stmt"/>
          <line num="91" count="1" type="stmt"/>
          <line num="97" count="1" type="stmt"/>
          <line num="106" count="1" type="stmt"/>
          <line num="113" count="1" type="stmt"/>
          <line num="119" count="1" type="stmt"/>
          <line num="122" count="2" type="stmt"/>
          <line num="129" count="1" type="stmt"/>
          <line num="140" count="1" type="stmt"/>
          <line num="145" count="2" type="stmt"/>
          <line num="149" count="1" type="stmt"/>
          <line num="159" count="0" type="stmt"/>
          <line num="163" count="1" type="stmt"/>
          <line num="168" count="2" type="stmt"/>
          <line num="172" count="1" type="stmt"/>
          <line num="181" count="0" type="stmt"/>
          <line num="185" count="1" type="stmt"/>
          <line num="191" count="2" type="stmt"/>
          <line num="195" count="1" type="stmt"/>
        </file>
      </package>
    </metrics>
  </project>
</coverage>
