TN:
SF:/Users/sccofield/Desktop/moreRecipes/client/src/actions/actionTypes.js
FNF:0
FNH:0
LF:0
LH:0
BRF:0
BRH:0
end_of_record
TN:
SF:/Users/sccofield/Desktop/moreRecipes/client/src/actions/login.js
FN:7,(anonymous_0)
FN:12,(anonymous_1)
FN:18,(anonymous_2)
FN:22,(anonymous_3)
FN:22,(anonymous_4)
FN:26,(anonymous_5)
FN:33,(anonymous_6)
FNF:7
FNH:6
FNDA:0,(anonymous_0)
FNDA:1,(anonymous_1)
FNDA:2,(anonymous_2)
FNDA:2,(anonymous_3)
FNDA:2,(anonymous_4)
FNDA:1,(anonymous_5)
FNDA:2,(anonymous_6)
DA:4,1
DA:7,1
DA:12,1
DA:18,2
DA:22,2
DA:23,2
DA:24,2
DA:27,1
DA:28,1
DA:29,1
DA:30,0
DA:34,2
DA:35,1
LF:13
LH:12
BRF:0
BRH:0
end_of_record
TN:
SF:/Users/sccofield/Desktop/moreRecipes/client/src/actions/logout.js
FN:6,(anonymous_0)
FN:10,(anonymous_1)
FN:10,(anonymous_2)
FNF:3
FNH:3
FNDA:1,(anonymous_0)
FNDA:1,(anonymous_1)
FNDA:1,(anonymous_2)
DA:4,1
DA:6,1
DA:10,1
DA:11,1
DA:12,1
DA:13,1
DA:14,1
LF:7
LH:7
BRF:0
BRH:0
end_of_record
TN:
SF:/Users/sccofield/Desktop/moreRecipes/client/src/actions/register.js
FN:7,(anonymous_0)
FN:13,(anonymous_1)
FN:19,(anonymous_2)
FN:19,(anonymous_3)
FN:21,(anonymous_4)
FN:28,(anonymous_5)
FNF:6
FNH:5
FNDA:0,(anonymous_0)
FNDA:1,(anonymous_1)
FNDA:2,(anonymous_2)
FNDA:2,(anonymous_3)
FNDA:1,(anonymous_4)
FNDA:2,(anonymous_5)
DA:4,1
DA:7,1
DA:13,1
DA:19,2
DA:22,1
DA:23,1
DA:24,1
DA:25,0
DA:26,0
DA:29,2
DA:30,1
DA:31,1
LF:12
LH:10
BRF:0
BRH:0
end_of_record
TN:
SF:/Users/sccofield/Desktop/moreRecipes/client/src/reducers/recipe.js
FN:50,(anonymous_0)
FN:122,(anonymous_1)
FN:145,(anonymous_2)
FN:158,(anonymous_3)
FN:168,(anonymous_4)
FN:181,(anonymous_5)
FN:190,(anonymous_6)
FNF:7
FNH:5
FNDA:18,(anonymous_0)
FNDA:2,(anonymous_1)
FNDA:2,(anonymous_2)
FNDA:0,(anonymous_3)
FNDA:2,(anonymous_4)
FNDA:0,(anonymous_5)
FNDA:2,(anonymous_6)
DA:20,1
DA:22,1
DA:51,18
DA:53,1
DA:58,1
DA:65,1
DA:71,1
DA:77,1
DA:84,1
DA:91,1
DA:97,1
DA:106,1
DA:113,1
DA:119,1
DA:122,2
DA:129,1
DA:140,1
DA:145,2
DA:149,1
DA:159,0
DA:163,1
DA:168,2
DA:172,1
DA:181,0
DA:185,1
DA:191,2
DA:195,1
LF:27
LH:25
BRDA:50,0,0,0
BRDA:50,1,0,1
BRDA:51,2,0,1
BRDA:51,2,1,1
BRDA:51,2,2,1
BRDA:51,2,3,1
BRDA:51,2,4,1
BRDA:51,2,5,1
BRDA:51,2,6,1
BRDA:51,2,7,1
BRDA:51,2,8,1
BRDA:51,2,9,1
BRDA:51,2,10,1
BRDA:51,2,11,1
BRDA:51,2,12,1
BRDA:51,2,13,1
BRDA:51,2,14,1
BRDA:51,2,15,1
BRDA:51,2,16,1
BRDA:51,2,17,1
BRDA:134,3,0,1
BRDA:134,3,1,0
BRF:22
BRH:20
end_of_record
