<?xml version="1.0" encoding="UTF-8"?>
<coverage generated="1520882506586" clover="3.2.0">
  <project timestamp="1520882506587" name="All files">
    <metrics statements="306" coveredstatements="226" conditionals="114" coveredconditionals="68" methods="141" coveredmethods="100" elements="561" coveredelements="394" complexity="0" loc="306" ncloc="306" packages="9" files="31" classes="31">
      <package name="moreRecipes">
        <metrics statements="11" coveredstatements="9" conditionals="0" coveredconditionals="0" methods="5" coveredmethods="3"/>
        <file name="setupTest.js" path="/Users/sccofield/Desktop/moreRecipes/setupTest.js">
          <metrics statements="11" coveredstatements="9" conditionals="0" coveredconditionals="0" methods="5" coveredmethods="3"/>
          <line num="4" count="21" type="stmt"/>
          <line num="6" count="21" type="stmt"/>
          <line num="7" count="21" type="stmt"/>
          <line num="9" count="21" type="stmt"/>
          <line num="11" count="21" type="stmt"/>
          <line num="13" count="2" type="stmt"/>
          <line num="17" count="0" type="stmt"/>
          <line num="21" count="0" type="stmt"/>
          <line num="25" count="21" type="stmt"/>
          <line num="26" count="1" type="stmt"/>
          <line num="27" count="21" type="stmt"/>
        </file>
      </package>
      <package name="moreRecipes.client.src.actions">
        <metrics statements="113" coveredstatements="78" conditionals="8" coveredconditionals="1" methods="66" coveredmethods="42"/>
        <file name="actionTypes.js" path="/Users/sccofield/Desktop/moreRecipes/client/src/actions/actionTypes.js">
          <metrics statements="0" coveredstatements="0" conditionals="0" coveredconditionals="0" methods="0" coveredmethods="0"/>
        </file>
        <file name="addReview.js" path="/Users/sccofield/Desktop/moreRecipes/client/src/actions/addReview.js">
          <metrics statements="8" coveredstatements="7" conditionals="0" coveredconditionals="0" methods="5" coveredmethods="5"/>
          <line num="6" count="3" type="stmt"/>
          <line num="9" count="3" type="stmt"/>
          <line num="14" count="3" type="stmt"/>
          <line num="21" count="1" type="stmt"/>
          <line num="22" count="1" type="stmt"/>
          <line num="23" count="1" type="stmt"/>
          <line num="26" count="1" type="stmt"/>
          <line num="27" count="0" type="stmt"/>
        </file>
        <file name="deleteRecipe.js" path="/Users/sccofield/Desktop/moreRecipes/client/src/actions/deleteRecipe.js">
          <metrics statements="4" coveredstatements="4" conditionals="0" coveredconditionals="0" methods="4" coveredmethods="4"/>
          <line num="4" count="1" type="stmt"/>
          <line num="6" count="1" type="stmt"/>
          <line num="11" count="1" type="stmt"/>
          <line num="17" count="1" type="stmt"/>
        </file>
        <file name="downvote.js" path="/Users/sccofield/Desktop/moreRecipes/client/src/actions/downvote.js">
          <metrics statements="13" coveredstatements="4" conditionals="2" coveredconditionals="0" methods="6" coveredmethods="1"/>
          <line num="5" count="2" type="stmt"/>
          <line num="7" count="2" type="stmt"/>
          <line num="12" count="2" type="stmt"/>
          <line num="16" count="2" type="stmt"/>
          <line num="23" count="0" type="stmt"/>
          <line num="24" count="0" type="cond" truecount="0" falsecount="2"/>
          <line num="25" count="0" type="stmt"/>
          <line num="26" count="0" type="stmt"/>
          <line num="28" count="0" type="stmt"/>
          <line num="32" count="0" type="stmt"/>
          <line num="35" count="0" type="stmt"/>
          <line num="36" count="0" type="stmt"/>
          <line num="37" count="0" type="stmt"/>
        </file>
        <file name="editRecipe.js" path="/Users/sccofield/Desktop/moreRecipes/client/src/actions/editRecipe.js">
          <metrics statements="11" coveredstatements="9" conditionals="0" coveredconditionals="0" methods="9" coveredmethods="8"/>
          <line num="6" count="1" type="stmt"/>
          <line num="8" count="1" type="stmt"/>
          <line num="13" count="1" type="stmt"/>
          <line num="18" count="1" type="stmt"/>
          <line num="21" count="1" type="stmt"/>
          <line num="22" count="1" type="stmt"/>
          <line num="25" count="1" type="stmt"/>
          <line num="32" count="1" type="stmt"/>
          <line num="33" count="1" type="stmt"/>
          <line num="35" count="0" type="stmt"/>
          <line num="36" count="0" type="stmt"/>
        </file>
        <file name="favourite.js" path="/Users/sccofield/Desktop/moreRecipes/client/src/actions/favourite.js">
          <metrics statements="21" coveredstatements="6" conditionals="4" coveredconditionals="0" methods="10" coveredmethods="1"/>
          <line num="5" count="2" type="stmt"/>
          <line num="7" count="2" type="stmt"/>
          <line num="11" count="2" type="stmt"/>
          <line num="15" count="2" type="stmt"/>
          <line num="21" count="2" type="stmt"/>
          <line num="22" count="0" type="stmt"/>
          <line num="23" count="0" type="cond" truecount="0" falsecount="2"/>
          <line num="24" count="0" type="stmt"/>
          <line num="27" count="0" type="stmt"/>
          <line num="30" count="0" type="stmt"/>
          <line num="32" count="0" type="stmt"/>
          <line num="37" count="2" type="stmt"/>
          <line num="43" count="0" type="stmt"/>
          <line num="44" count="0" type="cond" truecount="0" falsecount="2"/>
          <line num="45" count="0" type="stmt"/>
          <line num="46" count="0" type="stmt"/>
          <line num="48" count="0" type="stmt"/>
          <line num="52" count="0" type="stmt"/>
          <line num="55" count="0" type="stmt"/>
          <line num="56" count="0" type="stmt"/>
          <line num="57" count="0" type="stmt"/>
        </file>
        <file name="login.js" path="/Users/sccofield/Desktop/moreRecipes/client/src/actions/login.js">
          <metrics statements="13" coveredstatements="13" conditionals="0" coveredconditionals="0" methods="7" coveredmethods="7"/>
          <line num="4" count="1" type="stmt"/>
          <line num="7" count="1" type="stmt"/>
          <line num="12" count="1" type="stmt"/>
          <line num="18" count="2" type="stmt"/>
          <line num="22" count="2" type="stmt"/>
          <line num="23" count="2" type="stmt"/>
          <line num="24" count="2" type="stmt"/>
          <line num="27" count="1" type="stmt"/>
          <line num="28" count="1" type="stmt"/>
          <line num="29" count="1" type="stmt"/>
          <line num="30" count="1" type="stmt"/>
          <line num="34" count="1" type="stmt"/>
          <line num="35" count="1" type="stmt"/>
        </file>
        <file name="logout.js" path="/Users/sccofield/Desktop/moreRecipes/client/src/actions/logout.js">
          <metrics statements="7" coveredstatements="7" conditionals="0" coveredconditionals="0" methods="3" coveredmethods="3"/>
          <line num="4" count="5" type="stmt"/>
          <line num="6" count="5" type="stmt"/>
          <line num="10" count="5" type="stmt"/>
          <line num="11" count="1" type="stmt"/>
          <line num="12" count="1" type="stmt"/>
          <line num="13" count="1" type="stmt"/>
          <line num="14" count="1" type="stmt"/>
        </file>
        <file name="postRecipe.js" path="/Users/sccofield/Desktop/moreRecipes/client/src/actions/postRecipe.js">
          <metrics statements="7" coveredstatements="4" conditionals="0" coveredconditionals="0" methods="6" coveredmethods="1"/>
          <line num="4" count="2" type="stmt"/>
          <line num="6" count="2" type="stmt"/>
          <line num="11" count="2" type="stmt"/>
          <line num="15" count="2" type="stmt"/>
          <line num="21" count="0" type="stmt"/>
          <line num="22" count="0" type="stmt"/>
          <line num="24" count="0" type="stmt"/>
        </file>
        <file name="register.js" path="/Users/sccofield/Desktop/moreRecipes/client/src/actions/register.js">
          <metrics statements="12" coveredstatements="12" conditionals="0" coveredconditionals="0" methods="6" coveredmethods="6"/>
          <line num="4" count="1" type="stmt"/>
          <line num="7" count="1" type="stmt"/>
          <line num="13" count="1" type="stmt"/>
          <line num="19" count="2" type="stmt"/>
          <line num="22" count="1" type="stmt"/>
          <line num="23" count="1" type="stmt"/>
          <line num="24" count="1" type="stmt"/>
          <line num="25" count="1" type="stmt"/>
          <line num="26" count="1" type="stmt"/>
          <line num="29" count="1" type="stmt"/>
          <line num="30" count="1" type="stmt"/>
          <line num="31" count="1" type="stmt"/>
        </file>
        <file name="singleRecipes.js" path="/Users/sccofield/Desktop/moreRecipes/client/src/actions/singleRecipes.js">
          <metrics statements="5" coveredstatements="3" conditionals="0" coveredconditionals="0" methods="4" coveredmethods="1"/>
          <line num="4" count="1" type="stmt"/>
          <line num="6" count="1" type="stmt"/>
          <line num="11" count="1" type="stmt"/>
          <line num="14" count="0" type="stmt"/>
          <line num="15" count="0" type="stmt"/>
        </file>
        <file name="upvote.js" path="/Users/sccofield/Desktop/moreRecipes/client/src/actions/upvote.js">
          <metrics statements="12" coveredstatements="9" conditionals="2" coveredconditionals="1" methods="6" coveredmethods="5"/>
          <line num="5" count="3" type="stmt"/>
          <line num="7" count="3" type="stmt"/>
          <line num="12" count="3" type="stmt"/>
          <line num="16" count="3" type="stmt"/>
          <line num="22" count="1" type="stmt"/>
          <line num="23" count="1" type="cond" truecount="1" falsecount="1"/>
          <line num="24" count="0" type="stmt"/>
          <line num="25" count="0" type="stmt"/>
          <line num="27" count="1" type="stmt"/>
          <line num="28" count="1" type="stmt"/>
          <line num="31" count="1" type="stmt"/>
          <line num="32" count="0" type="stmt"/>
        </file>
      </package>
      <package name="moreRecipes.client.src.components">
        <metrics statements="62" coveredstatements="55" conditionals="32" coveredconditionals="15" methods="32" coveredmethods="27"/>
        <file name="Downvote.jsx" path="/Users/sccofield/Desktop/moreRecipes/client/src/components/Downvote.jsx">
          <metrics statements="12" coveredstatements="11" conditionals="4" coveredconditionals="2" methods="6" coveredmethods="6"/>
          <line num="20" count="2" type="stmt"/>
          <line num="22" count="2" type="stmt"/>
          <line num="30" count="1" type="stmt"/>
          <line num="31" count="1" type="stmt"/>
          <line num="41" count="2" type="stmt"/>
          <line num="42" count="2" type="cond" truecount="1" falsecount="1"/>
          <line num="43" count="2" type="stmt"/>
          <line num="46" count="0" type="stmt"/>
          <line num="55" count="2" type="stmt"/>
          <line num="70" count="2" type="stmt"/>
          <line num="79" count="2" type="stmt"/>
          <line num="80" count="2" type="stmt"/>
        </file>
        <file name="Favourite.jsx" path="/Users/sccofield/Desktop/moreRecipes/client/src/components/Favourite.jsx">
          <metrics statements="12" coveredstatements="9" conditionals="4" coveredconditionals="2" methods="6" coveredmethods="5"/>
          <line num="20" count="2" type="stmt"/>
          <line num="22" count="2" type="stmt"/>
          <line num="30" count="0" type="stmt"/>
          <line num="31" count="0" type="stmt"/>
          <line num="41" count="2" type="stmt"/>
          <line num="42" count="2" type="cond" truecount="1" falsecount="1"/>
          <line num="43" count="2" type="stmt"/>
          <line num="46" count="0" type="stmt"/>
          <line num="55" count="2" type="stmt"/>
          <line num="72" count="2" type="stmt"/>
          <line num="80" count="2" type="stmt"/>
          <line num="81" count="2" type="stmt"/>
        </file>
        <file name="Footer.jsx" path="/Users/sccofield/Desktop/moreRecipes/client/src/components/Footer.jsx">
          <metrics statements="2" coveredstatements="2" conditionals="0" coveredconditionals="0" methods="1" coveredmethods="1"/>
          <line num="3" count="4" type="stmt"/>
          <line num="4" count="1" type="stmt"/>
        </file>
        <file name="Navbar.jsx" path="/Users/sccofield/Desktop/moreRecipes/client/src/components/Navbar.jsx">
          <metrics statements="7" coveredstatements="5" conditionals="10" coveredconditionals="0" methods="4" coveredmethods="0"/>
          <line num="8" count="4" type="stmt"/>
          <line num="9" count="0" type="stmt"/>
          <line num="79" count="4" type="stmt"/>
          <line num="83" count="4" type="stmt"/>
          <line num="85" count="0" type="stmt"/>
          <line num="89" count="4" type="stmt"/>
          <line num="94" count="4" type="stmt"/>
        </file>
        <file name="PageHeader.jsx" path="/Users/sccofield/Desktop/moreRecipes/client/src/components/PageHeader.jsx">
          <metrics statements="4" coveredstatements="4" conditionals="0" coveredconditionals="0" methods="3" coveredmethods="3"/>
          <line num="6" count="4" type="stmt"/>
          <line num="7" count="1" type="stmt"/>
          <line num="16" count="4" type="stmt"/>
          <line num="19" count="1" type="stmt"/>
        </file>
        <file name="Recipe.jsx" path="/Users/sccofield/Desktop/moreRecipes/client/src/components/Recipe.jsx">
          <metrics statements="4" coveredstatements="4" conditionals="4" coveredconditionals="4" methods="1" coveredmethods="1"/>
          <line num="6" count="1" type="stmt"/>
          <line num="7" count="2" type="stmt"/>
          <line num="69" count="1" type="stmt"/>
          <line num="83" count="1" type="stmt"/>
        </file>
        <file name="RecipeDetail.jsx" path="/Users/sccofield/Desktop/moreRecipes/client/src/components/RecipeDetail.jsx">
          <metrics statements="9" coveredstatements="9" conditionals="6" coveredconditionals="5" methods="5" coveredmethods="5"/>
          <line num="27" count="1" type="stmt"/>
          <line num="28" count="1" type="stmt"/>
          <line num="38" count="1" type="stmt"/>
          <line num="122" count="1" type="stmt"/>
          <line num="163" count="1" type="stmt"/>
          <line num="192" count="1" type="stmt"/>
          <line num="197" count="1" type="stmt"/>
          <line num="203" count="1" type="stmt"/>
          <line num="204" count="2" type="stmt"/>
        </file>
        <file name="Upvote.jsx" path="/Users/sccofield/Desktop/moreRecipes/client/src/components/Upvote.jsx">
          <metrics statements="12" coveredstatements="11" conditionals="4" coveredconditionals="2" methods="6" coveredmethods="6"/>
          <line num="20" count="2" type="stmt"/>
          <line num="22" count="2" type="stmt"/>
          <line num="30" count="1" type="stmt"/>
          <line num="31" count="1" type="stmt"/>
          <line num="41" count="2" type="stmt"/>
          <line num="42" count="2" type="cond" truecount="1" falsecount="1"/>
          <line num="43" count="2" type="stmt"/>
          <line num="46" count="0" type="stmt"/>
          <line num="55" count="2" type="stmt"/>
          <line num="71" count="2" type="stmt"/>
          <line num="80" count="2" type="stmt"/>
          <line num="81" count="2" type="stmt"/>
        </file>
      </package>
      <package name="moreRecipes.client.src.components.dashboard">
        <metrics statements="10" coveredstatements="10" conditionals="4" coveredconditionals="4" methods="4" coveredmethods="4"/>
        <file name="FavoriteRecipes.jsx" path="/Users/sccofield/Desktop/moreRecipes/client/src/components/dashboard/FavoriteRecipes.jsx">
          <metrics statements="5" coveredstatements="5" conditionals="2" coveredconditionals="2" methods="2" coveredmethods="2"/>
          <line num="8" count="1" type="stmt"/>
          <line num="9" count="2" type="stmt"/>
          <line num="39" count="1" type="stmt"/>
          <line num="90" count="1" type="stmt"/>
          <line num="95" count="1" type="stmt"/>
        </file>
        <file name="MyRecipes.jsx" path="/Users/sccofield/Desktop/moreRecipes/client/src/components/dashboard/MyRecipes.jsx">
          <metrics statements="5" coveredstatements="5" conditionals="2" coveredconditionals="2" methods="2" coveredmethods="2"/>
          <line num="8" count="1" type="stmt"/>
          <line num="9" count="2" type="stmt"/>
          <line num="38" count="1" type="stmt"/>
          <line num="143" count="1" type="stmt"/>
          <line num="149" count="1" type="stmt"/>
        </file>
      </package>
      <package name="moreRecipes.client.src.components.editRecipe">
        <metrics statements="3" coveredstatements="3" conditionals="6" coveredconditionals="6" methods="2" coveredmethods="2"/>
        <file name="EditRecipeForm.jsx" path="/Users/sccofield/Desktop/moreRecipes/client/src/components/editRecipe/EditRecipeForm.jsx">
          <metrics statements="3" coveredstatements="3" conditionals="6" coveredconditionals="6" methods="2" coveredmethods="2"/>
          <line num="5" count="1" type="stmt"/>
          <line num="6" count="3" type="stmt"/>
          <line num="12" count="1" type="cond" truecount="2" falsecount="0"/>
        </file>
      </package>
      <package name="moreRecipes.client.src.components.postRecipe">
        <metrics statements="49" coveredstatements="21" conditionals="20" coveredconditionals="5" methods="14" coveredmethods="9"/>
        <file name="FormValidator.jsx" path="/Users/sccofield/Desktop/moreRecipes/client/src/components/postRecipe/FormValidator.jsx">
          <metrics statements="9" coveredstatements="1" conditionals="6" coveredconditionals="0" methods="1" coveredmethods="0"/>
          <line num="3" count="2" type="stmt"/>
          <line num="4" count="0" type="stmt"/>
          <line num="6" count="0" type="cond" truecount="0" falsecount="2"/>
          <line num="7" count="0" type="stmt"/>
          <line num="11" count="0" type="cond" truecount="0" falsecount="2"/>
          <line num="12" count="0" type="stmt"/>
          <line num="15" count="0" type="cond" truecount="0" falsecount="2"/>
          <line num="16" count="0" type="stmt"/>
          <line num="20" count="0" type="stmt"/>
        </file>
        <file name="PostRecipe.jsx" path="/Users/sccofield/Desktop/moreRecipes/client/src/components/postRecipe/PostRecipe.jsx">
          <metrics statements="35" coveredstatements="15" conditionals="10" coveredconditionals="1" methods="11" coveredmethods="7"/>
          <line num="26" count="2" type="stmt"/>
          <line num="28" count="2" type="stmt"/>
          <line num="35" count="2" type="stmt"/>
          <line num="36" count="2" type="stmt"/>
          <line num="37" count="2" type="stmt"/>
          <line num="46" count="2" type="stmt"/>
          <line num="56" count="0" type="cond" truecount="0" falsecount="2"/>
          <line num="57" count="0" type="stmt"/>
          <line num="58" count="0" type="stmt"/>
          <line num="69" count="1" type="stmt"/>
          <line num="79" count="1" type="stmt"/>
          <line num="80" count="1" type="cond" truecount="0" falsecount="2"/>
          <line num="81" count="0" type="stmt"/>
          <line num="83" count="0" type="cond" truecount="0" falsecount="2"/>
          <line num="84" count="0" type="stmt"/>
          <line num="85" count="0" type="stmt"/>
          <line num="86" count="0" type="stmt"/>
          <line num="87" count="0" type="stmt"/>
          <line num="92" count="0" type="stmt"/>
          <line num="93" count="0" type="stmt"/>
          <line num="94" count="0" type="stmt"/>
          <line num="97" count="0" type="stmt"/>
          <line num="110" count="0" type="stmt"/>
          <line num="120" count="0" type="stmt"/>
          <line num="121" count="0" type="cond" truecount="0" falsecount="2"/>
          <line num="122" count="0" type="stmt"/>
          <line num="123" count="0" type="stmt"/>
          <line num="125" count="0" type="stmt"/>
          <line num="126" count="0" type="stmt"/>
          <line num="136" count="3" type="stmt"/>
          <line num="162" count="2" type="stmt"/>
          <line num="166" count="2" type="stmt"/>
          <line num="167" count="2" type="stmt"/>
          <line num="169" count="2" type="stmt"/>
          <line num="181" count="2" type="stmt"/>
        </file>
        <file name="PostRecipeForm.jsx" path="/Users/sccofield/Desktop/moreRecipes/client/src/components/postRecipe/PostRecipeForm.jsx">
          <metrics statements="5" coveredstatements="5" conditionals="4" coveredconditionals="4" methods="2" coveredmethods="2"/>
          <line num="6" count="2" type="stmt"/>
          <line num="7" count="4" type="stmt"/>
          <line num="16" count="1" type="stmt"/>
          <line num="110" count="2" type="stmt"/>
          <line num="125" count="2" type="stmt"/>
        </file>
      </package>
      <package name="moreRecipes.client.src.components.register">
        <metrics statements="5" coveredstatements="5" conditionals="4" coveredconditionals="4" methods="2" coveredmethods="2"/>
        <file name="RegisterForm.jsx" path="/Users/sccofield/Desktop/moreRecipes/client/src/components/register/RegisterForm.jsx">
          <metrics statements="5" coveredstatements="5" conditionals="4" coveredconditionals="4" methods="2" coveredmethods="2"/>
          <line num="4" count="1" type="stmt"/>
          <line num="5" count="3" type="stmt"/>
          <line num="23" count="1" type="stmt"/>
          <line num="89" count="1" type="stmt"/>
          <line num="102" count="1" type="stmt"/>
        </file>
      </package>
      <package name="moreRecipes.client.src.components.review">
        <metrics statements="17" coveredstatements="11" conditionals="8" coveredconditionals="4" methods="8" coveredmethods="5"/>
        <file name="Review.jsx" path="/Users/sccofield/Desktop/moreRecipes/client/src/components/review/Review.jsx">
          <metrics statements="17" coveredstatements="11" conditionals="8" coveredconditionals="4" methods="8" coveredmethods="5"/>
          <line num="22" count="2" type="stmt"/>
          <line num="23" count="2" type="stmt"/>
          <line num="27" count="2" type="stmt"/>
          <line num="28" count="2" type="stmt"/>
          <line num="38" count="0" type="cond" truecount="0" falsecount="2"/>
          <line num="39" count="0" type="stmt"/>
          <line num="52" count="1" type="stmt"/>
          <line num="64" count="0" type="stmt"/>
          <line num="69" count="0" type="stmt"/>
          <line num="70" count="0" type="stmt"/>
          <line num="82" count="3" type="stmt"/>
          <line num="125" count="0" type="stmt"/>
          <line num="147" count="2" type="stmt"/>
          <line num="154" count="2" type="stmt"/>
          <line num="157" count="2" type="stmt"/>
          <line num="162" count="2" type="stmt"/>
          <line num="163" count="2" type="stmt"/>
        </file>
      </package>
      <package name="moreRecipes.client.src.reducers">
        <metrics statements="36" coveredstatements="34" conditionals="32" coveredconditionals="29" methods="8" coveredmethods="6"/>
        <file name="recipe.js" path="/Users/sccofield/Desktop/moreRecipes/client/src/reducers/recipe.js">
          <metrics statements="27" coveredstatements="25" conditionals="22" coveredconditionals="20" methods="7" coveredmethods="5"/>
          <line num="20" count="1" type="stmt"/>
          <line num="22" count="1" type="stmt"/>
          <line num="51" count="18" type="cond" truecount="18" falsecount="0"/>
          <line num="53" count="1" type="stmt"/>
          <line num="58" count="1" type="stmt"/>
          <line num="65" count="1" type="stmt"/>
          <line num="71" count="1" type="stmt"/>
          <line num="77" count="1" type="stmt"/>
          <line num="84" count="1" type="stmt"/>
          <line num="91" count="1" type="stmt"/>
          <line num="97" count="1" type="stmt"/>
          <line num="106" count="1" type="stmt"/>
          <line num="113" count="1" type="stmt"/>
          <line num="119" count="1" type="stmt"/>
          <line num="122" count="2" type="stmt"/>
          <line num="129" count="1" type="stmt"/>
          <line num="140" count="1" type="stmt"/>
          <line num="145" count="2" type="stmt"/>
          <line num="149" count="1" type="stmt"/>
          <line num="159" count="0" type="stmt"/>
          <line num="163" count="1" type="stmt"/>
          <line num="168" count="2" type="stmt"/>
          <line num="172" count="1" type="stmt"/>
          <line num="181" count="0" type="stmt"/>
          <line num="185" count="1" type="stmt"/>
          <line num="191" count="2" type="stmt"/>
          <line num="195" count="1" type="stmt"/>
        </file>
        <file name="user.js" path="/Users/sccofield/Desktop/moreRecipes/client/src/reducers/user.js">
          <metrics statements="9" coveredstatements="9" conditionals="10" coveredconditionals="9" methods="1" coveredmethods="1"/>
          <line num="5" count="1" type="stmt"/>
          <line num="7" count="1" type="stmt"/>
          <line num="14" count="6" type="cond" truecount="6" falsecount="0"/>
          <line num="17" count="1" type="stmt"/>
          <line num="24" count="1" type="stmt"/>
          <line num="31" count="1" type="stmt"/>
          <line num="39" count="1" type="stmt"/>
          <line num="46" count="1" type="stmt"/>
          <line num="55" count="1" type="stmt"/>
        </file>
      </package>
    </metrics>
  </project>
</coverage>
