{"/Users/sccofield/Desktop/moreRecipes/setupTest.js": {"path":"/Users/sccofield/Desktop/moreRecipes/setupTest.js","statementMap":{"0":{"start":{"line":4,"column":0},"end":{"line":4,"column":38}},"1":{"start":{"line":6,"column":0},"end":{"line":6,"column":25}},"2":{"start":{"line":7,"column":0},"end":{"line":7,"column":21}},"3":{"start":{"line":9,"column":26},"end":{"line":9,"column":28}},"4":{"start":{"line":11,"column":0},"end":{"line":23,"column":2}},"5":{"start":{"line":13,"column":4},"end":{"line":13,"column":34}},"6":{"start":{"line":17,"column":4},"end":{"line":17,"column":35}},"7":{"start":{"line":21,"column":4},"end":{"line":21,"column":34}},"8":{"start":{"line":25,"column":0},"end":{"line":28,"column":2}},"9":{"start":{"line":26,"column":20},"end":{"line":26,"column":27}},"10":{"start":{"line":27,"column":24},"end":{"line":27,"column":31}}},"fnMap":{"0":{"name":"(anonymous_0)","decl":{"start":{"line":12,"column":11},"end":{"line":12,"column":12}},"loc":{"start":{"line":12,"column":18},"end":{"line":14,"column":3}},"line":12},"1":{"name":"(anonymous_1)","decl":{"start":{"line":16,"column":11},"end":{"line":16,"column":12}},"loc":{"start":{"line":16,"column":27},"end":{"line":18,"column":3}},"line":16},"2":{"name":"(anonymous_2)","decl":{"start":{"line":20,"column":14},"end":{"line":20,"column":15}},"loc":{"start":{"line":20,"column":21},"end":{"line":22,"column":3}},"line":20},"3":{"name":"(anonymous_3)","decl":{"start":{"line":26,"column":9},"end":{"line":26,"column":10}},"loc":{"start":{"line":26,"column":20},"end":{"line":26,"column":27}},"line":26},"4":{"name":"(anonymous_4)","decl":{"start":{"line":27,"column":13},"end":{"line":27,"column":14}},"loc":{"start":{"line":27,"column":24},"end":{"line":27,"column":31}},"line":27}},"branchMap":{},"s":{"0":21,"1":21,"2":21,"3":21,"4":21,"5":2,"6":0,"7":0,"8":21,"9":1,"10":21},"f":{"0":2,"1":0,"2":0,"3":1,"4":21},"b":{},"_coverageSchema":"332fd63041d2c1bcb487cc26dd0d5f7d97098a6c","hash":"b532226858ec813d1c09ef1cf2f0062e33573028"}
,"/Users/sccofield/Desktop/moreRecipes/client/src/actions/actionTypes.js": {"path":"/Users/sccofield/Desktop/moreRecipes/client/src/actions/actionTypes.js","statementMap":{},"fnMap":{},"branchMap":{},"s":{},"f":{},"b":{},"_coverageSchema":"332fd63041d2c1bcb487cc26dd0d5f7d97098a6c","hash":"fad877f42b9118b389436806c008e8dad0ec22cd"}
,"/Users/sccofield/Desktop/moreRecipes/client/src/actions/addReview.js": {"path":"/Users/sccofield/Desktop/moreRecipes/client/src/actions/addReview.js","statementMap":{"0":{"start":{"line":6,"column":23},"end":{"line":6,"column":34}},"1":{"start":{"line":9,"column":31},"end":{"line":12,"column":2}},"2":{"start":{"line":9,"column":42},"end":{"line":12,"column":1}},"3":{"start":{"line":14,"column":31},"end":{"line":28,"column":4}},"4":{"start":{"line":14,"column":47},"end":{"line":28,"column":4}},"5":{"start":{"line":14,"column":59},"end":{"line":28,"column":4}},"6":{"start":{"line":21,"column":23},"end":{"line":21,"column":38}},"7":{"start":{"line":22,"column":4},"end":{"line":22,"column":42}},"8":{"start":{"line":23,"column":4},"end":{"line":23,"column":49}},"9":{"start":{"line":26,"column":25},"end":{"line":26,"column":52}},"10":{"start":{"line":27,"column":4},"end":{"line":27,"column":33}}},"fnMap":{"0":{"name":"(anonymous_0)","decl":{"start":{"line":9,"column":31},"end":{"line":9,"column":32}},"loc":{"start":{"line":9,"column":42},"end":{"line":12,"column":1}},"line":9},"1":{"name":"(anonymous_1)","decl":{"start":{"line":14,"column":31},"end":{"line":14,"column":32}},"loc":{"start":{"line":14,"column":47},"end":{"line":28,"column":4}},"line":14},"2":{"name":"(anonymous_2)","decl":{"start":{"line":14,"column":47},"end":{"line":14,"column":48}},"loc":{"start":{"line":14,"column":59},"end":{"line":28,"column":4}},"line":14},"3":{"name":"(anonymous_3)","decl":{"start":{"line":20,"column":8},"end":{"line":20,"column":9}},"loc":{"start":{"line":20,"column":17},"end":{"line":24,"column":3}},"line":20},"4":{"name":"(anonymous_4)","decl":{"start":{"line":25,"column":9},"end":{"line":25,"column":10}},"loc":{"start":{"line":25,"column":20},"end":{"line":28,"column":3}},"line":25}},"branchMap":{},"s":{"0":3,"1":3,"2":1,"3":3,"4":3,"5":2,"6":1,"7":1,"8":1,"9":1,"10":0},"f":{"0":1,"1":3,"2":2,"3":1,"4":1},"b":{},"_coverageSchema":"332fd63041d2c1bcb487cc26dd0d5f7d97098a6c","hash":"8e7c12e9d388af5f7830c2659f2e2aad3c6fa2bf"}
,"/Users/sccofield/Desktop/moreRecipes/client/src/actions/deleteRecipe.js": {"path":"/Users/sccofield/Desktop/moreRecipes/client/src/actions/deleteRecipe.js","statementMap":{"0":{"start":{"line":4,"column":26},"end":{"line":4,"column":37}},"1":{"start":{"line":6,"column":28},"end":{"line":9,"column":2}},"2":{"start":{"line":6,"column":35},"end":{"line":9,"column":1}},"3":{"start":{"line":11,"column":34},"end":{"line":18,"column":4}},"4":{"start":{"line":11,"column":40},"end":{"line":18,"column":4}},"5":{"start":{"line":11,"column":52},"end":{"line":18,"column":4}},"6":{"start":{"line":17,"column":4},"end":{"line":17,"column":31}}},"fnMap":{"0":{"name":"(anonymous_0)","decl":{"start":{"line":6,"column":28},"end":{"line":6,"column":29}},"loc":{"start":{"line":6,"column":35},"end":{"line":9,"column":1}},"line":6},"1":{"name":"(anonymous_1)","decl":{"start":{"line":11,"column":34},"end":{"line":11,"column":35}},"loc":{"start":{"line":11,"column":40},"end":{"line":18,"column":4}},"line":11},"2":{"name":"(anonymous_2)","decl":{"start":{"line":11,"column":40},"end":{"line":11,"column":41}},"loc":{"start":{"line":11,"column":52},"end":{"line":18,"column":4}},"line":11},"3":{"name":"(anonymous_3)","decl":{"start":{"line":16,"column":8},"end":{"line":16,"column":9}},"loc":{"start":{"line":16,"column":14},"end":{"line":18,"column":3}},"line":16}},"branchMap":{},"s":{"0":1,"1":1,"2":1,"3":1,"4":1,"5":1,"6":1},"f":{"0":1,"1":1,"2":1,"3":1},"b":{},"_coverageSchema":"332fd63041d2c1bcb487cc26dd0d5f7d97098a6c","hash":"9d45f9335970e11d01533721ad370c6213492ec6"}
,"/Users/sccofield/Desktop/moreRecipes/client/src/actions/downvote.js": {"path":"/Users/sccofield/Desktop/moreRecipes/client/src/actions/downvote.js","statementMap":{"0":{"start":{"line":5,"column":45},"end":{"line":5,"column":56}},"1":{"start":{"line":7,"column":30},"end":{"line":10,"column":2}},"2":{"start":{"line":7,"column":39},"end":{"line":10,"column":1}},"3":{"start":{"line":12,"column":36},"end":{"line":14,"column":2}},"4":{"start":{"line":12,"column":47},"end":{"line":14,"column":1}},"5":{"start":{"line":16,"column":36},"end":{"line":38,"column":4}},"6":{"start":{"line":16,"column":48},"end":{"line":38,"column":4}},"7":{"start":{"line":16,"column":72},"end":{"line":38,"column":4}},"8":{"start":{"line":23,"column":21},"end":{"line":23,"column":29}},"9":{"start":{"line":24,"column":4},"end":{"line":33,"column":5}},"10":{"start":{"line":25,"column":6},"end":{"line":25,"column":62}},"11":{"start":{"line":26,"column":6},"end":{"line":26,"column":53}},"12":{"start":{"line":28,"column":6},"end":{"line":31,"column":10}},"13":{"start":{"line":32,"column":6},"end":{"line":32,"column":51}},"14":{"start":{"line":35,"column":4},"end":{"line":35,"column":23}},"15":{"start":{"line":36,"column":24},"end":{"line":36,"column":51}},"16":{"start":{"line":37,"column":4},"end":{"line":37,"column":32}}},"fnMap":{"0":{"name":"(anonymous_0)","decl":{"start":{"line":7,"column":30},"end":{"line":7,"column":31}},"loc":{"start":{"line":7,"column":39},"end":{"line":10,"column":1}},"line":7},"1":{"name":"(anonymous_1)","decl":{"start":{"line":12,"column":36},"end":{"line":12,"column":37}},"loc":{"start":{"line":12,"column":47},"end":{"line":14,"column":1}},"line":12},"2":{"name":"(anonymous_2)","decl":{"start":{"line":16,"column":36},"end":{"line":16,"column":37}},"loc":{"start":{"line":16,"column":48},"end":{"line":38,"column":4}},"line":16},"3":{"name":"(anonymous_3)","decl":{"start":{"line":16,"column":48},"end":{"line":16,"column":49}},"loc":{"start":{"line":16,"column":72},"end":{"line":38,"column":4}},"line":16},"4":{"name":"(anonymous_4)","decl":{"start":{"line":22,"column":8},"end":{"line":22,"column":9}},"loc":{"start":{"line":22,"column":17},"end":{"line":34,"column":3}},"line":22},"5":{"name":"(anonymous_5)","decl":{"start":{"line":34,"column":11},"end":{"line":34,"column":12}},"loc":{"start":{"line":34,"column":22},"end":{"line":38,"column":3}},"line":34}},"branchMap":{"0":{"loc":{"start":{"line":24,"column":4},"end":{"line":33,"column":5}},"type":"if","locations":[{"start":{"line":24,"column":4},"end":{"line":33,"column":5}},{"start":{"line":24,"column":4},"end":{"line":33,"column":5}}],"line":24}},"s":{"0":2,"1":2,"2":0,"3":2,"4":0,"5":2,"6":1,"7":0,"8":0,"9":0,"10":0,"11":0,"12":0,"13":0,"14":0,"15":0,"16":0},"f":{"0":0,"1":0,"2":1,"3":0,"4":0,"5":0},"b":{"0":[0,0]},"_coverageSchema":"332fd63041d2c1bcb487cc26dd0d5f7d97098a6c","hash":"dcc6cf4ef097f67b520527a53041b0611e13e228"}
,"/Users/sccofield/Desktop/moreRecipes/client/src/actions/editRecipe.js": {"path":"/Users/sccofield/Desktop/moreRecipes/client/src/actions/editRecipe.js","statementMap":{"0":{"start":{"line":6,"column":41},"end":{"line":6,"column":52}},"1":{"start":{"line":8,"column":29},"end":{"line":11,"column":2}},"2":{"start":{"line":8,"column":40},"end":{"line":11,"column":1}},"3":{"start":{"line":13,"column":32},"end":{"line":16,"column":2}},"4":{"start":{"line":13,"column":43},"end":{"line":16,"column":1}},"5":{"start":{"line":18,"column":35},"end":{"line":23,"column":4}},"6":{"start":{"line":18,"column":41},"end":{"line":23,"column":4}},"7":{"start":{"line":18,"column":53},"end":{"line":23,"column":4}},"8":{"start":{"line":21,"column":23},"end":{"line":21,"column":31}},"9":{"start":{"line":22,"column":4},"end":{"line":22,"column":36}},"10":{"start":{"line":25,"column":39},"end":{"line":37,"column":4}},"11":{"start":{"line":25,"column":55},"end":{"line":37,"column":4}},"12":{"start":{"line":25,"column":67},"end":{"line":37,"column":4}},"13":{"start":{"line":32,"column":23},"end":{"line":32,"column":38}},"14":{"start":{"line":33,"column":4},"end":{"line":33,"column":43}},"15":{"start":{"line":35,"column":24},"end":{"line":35,"column":51}},"16":{"start":{"line":36,"column":4},"end":{"line":36,"column":32}}},"fnMap":{"0":{"name":"(anonymous_0)","decl":{"start":{"line":8,"column":29},"end":{"line":8,"column":30}},"loc":{"start":{"line":8,"column":40},"end":{"line":11,"column":1}},"line":8},"1":{"name":"(anonymous_1)","decl":{"start":{"line":13,"column":32},"end":{"line":13,"column":33}},"loc":{"start":{"line":13,"column":43},"end":{"line":16,"column":1}},"line":13},"2":{"name":"(anonymous_2)","decl":{"start":{"line":18,"column":35},"end":{"line":18,"column":36}},"loc":{"start":{"line":18,"column":41},"end":{"line":23,"column":4}},"line":18},"3":{"name":"(anonymous_3)","decl":{"start":{"line":18,"column":41},"end":{"line":18,"column":42}},"loc":{"start":{"line":18,"column":53},"end":{"line":23,"column":4}},"line":18},"4":{"name":"(anonymous_4)","decl":{"start":{"line":20,"column":8},"end":{"line":20,"column":9}},"loc":{"start":{"line":20,"column":17},"end":{"line":23,"column":3}},"line":20},"5":{"name":"(anonymous_5)","decl":{"start":{"line":25,"column":39},"end":{"line":25,"column":40}},"loc":{"start":{"line":25,"column":55},"end":{"line":37,"column":4}},"line":25},"6":{"name":"(anonymous_6)","decl":{"start":{"line":25,"column":55},"end":{"line":25,"column":56}},"loc":{"start":{"line":25,"column":67},"end":{"line":37,"column":4}},"line":25},"7":{"name":"(anonymous_7)","decl":{"start":{"line":31,"column":8},"end":{"line":31,"column":9}},"loc":{"start":{"line":31,"column":17},"end":{"line":34,"column":3}},"line":31},"8":{"name":"(anonymous_8)","decl":{"start":{"line":34,"column":11},"end":{"line":34,"column":12}},"loc":{"start":{"line":34,"column":22},"end":{"line":37,"column":3}},"line":34}},"branchMap":{},"s":{"0":1,"1":1,"2":1,"3":1,"4":1,"5":1,"6":1,"7":1,"8":1,"9":1,"10":1,"11":1,"12":1,"13":1,"14":1,"15":0,"16":0},"f":{"0":1,"1":1,"2":1,"3":1,"4":1,"5":1,"6":1,"7":1,"8":0},"b":{},"_coverageSchema":"332fd63041d2c1bcb487cc26dd0d5f7d97098a6c","hash":"0e9c2238be2da0cafd787bc3aa85d7bf84a0a813"}
,"/Users/sccofield/Desktop/moreRecipes/client/src/actions/favourite.js": {"path":"/Users/sccofield/Desktop/moreRecipes/client/src/actions/favourite.js","statementMap":{"0":{"start":{"line":5,"column":59},"end":{"line":5,"column":70}},"1":{"start":{"line":7,"column":34},"end":{"line":9,"column":2}},"2":{"start":{"line":7,"column":47},"end":{"line":9,"column":1}},"3":{"start":{"line":11,"column":37},"end":{"line":13,"column":2}},"4":{"start":{"line":11,"column":48},"end":{"line":13,"column":1}},"5":{"start":{"line":15,"column":34},"end":{"line":19,"column":2}},"6":{"start":{"line":15,"column":58},"end":{"line":19,"column":1}},"7":{"start":{"line":21,"column":41},"end":{"line":34,"column":1}},"8":{"start":{"line":21,"column":49},"end":{"line":34,"column":1}},"9":{"start":{"line":22,"column":20},"end":{"line":22,"column":45}},"10":{"start":{"line":23,"column":2},"end":{"line":25,"column":3}},"11":{"start":{"line":24,"column":4},"end":{"line":24,"column":35}},"12":{"start":{"line":27,"column":2},"end":{"line":33,"column":7}},"13":{"start":{"line":30,"column":30},"end":{"line":30,"column":38}},"14":{"start":{"line":32,"column":6},"end":{"line":32,"column":48}},"15":{"start":{"line":37,"column":37},"end":{"line":58,"column":4}},"16":{"start":{"line":37,"column":49},"end":{"line":58,"column":4}},"17":{"start":{"line":37,"column":73},"end":{"line":58,"column":4}},"18":{"start":{"line":43,"column":25},"end":{"line":43,"column":33}},"19":{"start":{"line":44,"column":4},"end":{"line":53,"column":5}},"20":{"start":{"line":45,"column":6},"end":{"line":45,"column":63}},"21":{"start":{"line":46,"column":6},"end":{"line":46,"column":69}},"22":{"start":{"line":48,"column":6},"end":{"line":51,"column":10}},"23":{"start":{"line":52,"column":6},"end":{"line":52,"column":50}},"24":{"start":{"line":55,"column":4},"end":{"line":55,"column":23}},"25":{"start":{"line":56,"column":24},"end":{"line":56,"column":51}},"26":{"start":{"line":57,"column":4},"end":{"line":57,"column":32}}},"fnMap":{"0":{"name":"(anonymous_0)","decl":{"start":{"line":7,"column":34},"end":{"line":7,"column":35}},"loc":{"start":{"line":7,"column":47},"end":{"line":9,"column":1}},"line":7},"1":{"name":"(anonymous_1)","decl":{"start":{"line":11,"column":37},"end":{"line":11,"column":38}},"loc":{"start":{"line":11,"column":48},"end":{"line":13,"column":1}},"line":11},"2":{"name":"(anonymous_2)","decl":{"start":{"line":15,"column":34},"end":{"line":15,"column":35}},"loc":{"start":{"line":15,"column":58},"end":{"line":19,"column":1}},"line":15},"3":{"name":"(anonymous_3)","decl":{"start":{"line":21,"column":41},"end":{"line":21,"column":42}},"loc":{"start":{"line":21,"column":49},"end":{"line":34,"column":1}},"line":21},"4":{"name":"(anonymous_4)","decl":{"start":{"line":21,"column":49},"end":{"line":21,"column":50}},"loc":{"start":{"line":21,"column":63},"end":{"line":34,"column":1}},"line":21},"5":{"name":"(anonymous_5)","decl":{"start":{"line":29,"column":10},"end":{"line":29,"column":11}},"loc":{"start":{"line":29,"column":19},"end":{"line":33,"column":5}},"line":29},"6":{"name":"(anonymous_6)","decl":{"start":{"line":37,"column":37},"end":{"line":37,"column":38}},"loc":{"start":{"line":37,"column":49},"end":{"line":58,"column":4}},"line":37},"7":{"name":"(anonymous_7)","decl":{"start":{"line":37,"column":49},"end":{"line":37,"column":50}},"loc":{"start":{"line":37,"column":73},"end":{"line":58,"column":4}},"line":37},"8":{"name":"(anonymous_8)","decl":{"start":{"line":42,"column":8},"end":{"line":42,"column":9}},"loc":{"start":{"line":42,"column":17},"end":{"line":54,"column":3}},"line":42},"9":{"name":"(anonymous_9)","decl":{"start":{"line":54,"column":11},"end":{"line":54,"column":12}},"loc":{"start":{"line":54,"column":22},"end":{"line":58,"column":3}},"line":54}},"branchMap":{"0":{"loc":{"start":{"line":23,"column":2},"end":{"line":25,"column":3}},"type":"if","locations":[{"start":{"line":23,"column":2},"end":{"line":25,"column":3}},{"start":{"line":23,"column":2},"end":{"line":25,"column":3}}],"line":23},"1":{"loc":{"start":{"line":44,"column":4},"end":{"line":53,"column":5}},"type":"if","locations":[{"start":{"line":44,"column":4},"end":{"line":53,"column":5}},{"start":{"line":44,"column":4},"end":{"line":53,"column":5}}],"line":44}},"s":{"0":2,"1":2,"2":0,"3":2,"4":0,"5":2,"6":0,"7":2,"8":0,"9":0,"10":0,"11":0,"12":0,"13":0,"14":0,"15":2,"16":1,"17":0,"18":0,"19":0,"20":0,"21":0,"22":0,"23":0,"24":0,"25":0,"26":0},"f":{"0":0,"1":0,"2":0,"3":0,"4":0,"5":0,"6":1,"7":0,"8":0,"9":0},"b":{"0":[0,0],"1":[0,0]},"_coverageSchema":"332fd63041d2c1bcb487cc26dd0d5f7d97098a6c","hash":"fb871aa94541b1aacf22f330e61dbc2a5a940127"}
,"/Users/sccofield/Desktop/moreRecipes/client/src/actions/login.js": {"path":"/Users/sccofield/Desktop/moreRecipes/client/src/actions/login.js","statementMap":{"0":{"start":{"line":4,"column":30},"end":{"line":4,"column":41}},"1":{"start":{"line":7,"column":31},"end":{"line":10,"column":2}},"2":{"start":{"line":7,"column":40},"end":{"line":10,"column":1}},"3":{"start":{"line":12,"column":25},"end":{"line":16,"column":2}},"4":{"start":{"line":12,"column":37},"end":{"line":16,"column":1}},"5":{"start":{"line":18,"column":37},"end":{"line":20,"column":2}},"6":{"start":{"line":18,"column":44},"end":{"line":20,"column":1}},"7":{"start":{"line":22,"column":31},"end":{"line":37,"column":1}},"8":{"start":{"line":22,"column":39},"end":{"line":37,"column":1}},"9":{"start":{"line":23,"column":2},"end":{"line":23,"column":36}},"10":{"start":{"line":24,"column":2},"end":{"line":36,"column":7}},"11":{"start":{"line":27,"column":30},"end":{"line":27,"column":38}},"12":{"start":{"line":28,"column":6},"end":{"line":28,"column":43}},"13":{"start":{"line":29,"column":6},"end":{"line":29,"column":57}},"14":{"start":{"line":30,"column":6},"end":{"line":30,"column":38}},"15":{"start":{"line":34,"column":26},"end":{"line":34,"column":45}},"16":{"start":{"line":35,"column":6},"end":{"line":35,"column":35}}},"fnMap":{"0":{"name":"(anonymous_0)","decl":{"start":{"line":7,"column":31},"end":{"line":7,"column":32}},"loc":{"start":{"line":7,"column":40},"end":{"line":10,"column":1}},"line":7},"1":{"name":"(anonymous_1)","decl":{"start":{"line":12,"column":25},"end":{"line":12,"column":26}},"loc":{"start":{"line":12,"column":37},"end":{"line":16,"column":1}},"line":12},"2":{"name":"(anonymous_2)","decl":{"start":{"line":18,"column":37},"end":{"line":18,"column":38}},"loc":{"start":{"line":18,"column":44},"end":{"line":20,"column":1}},"line":18},"3":{"name":"(anonymous_3)","decl":{"start":{"line":22,"column":31},"end":{"line":22,"column":32}},"loc":{"start":{"line":22,"column":39},"end":{"line":37,"column":1}},"line":22},"4":{"name":"(anonymous_4)","decl":{"start":{"line":22,"column":39},"end":{"line":22,"column":40}},"loc":{"start":{"line":22,"column":53},"end":{"line":37,"column":1}},"line":22},"5":{"name":"(anonymous_5)","decl":{"start":{"line":26,"column":10},"end":{"line":26,"column":11}},"loc":{"start":{"line":26,"column":19},"end":{"line":32,"column":5}},"line":26},"6":{"name":"(anonymous_6)","decl":{"start":{"line":33,"column":11},"end":{"line":33,"column":12}},"loc":{"start":{"line":33,"column":22},"end":{"line":36,"column":5}},"line":33}},"branchMap":{},"s":{"0":1,"1":1,"2":1,"3":1,"4":1,"5":1,"6":2,"7":1,"8":2,"9":2,"10":2,"11":1,"12":1,"13":1,"14":1,"15":1,"16":1},"f":{"0":1,"1":1,"2":2,"3":2,"4":2,"5":1,"6":1},"b":{},"_coverageSchema":"332fd63041d2c1bcb487cc26dd0d5f7d97098a6c","hash":"481359e06a45cae9bbadad7afb065695e94c47bb"}
,"/Users/sccofield/Desktop/moreRecipes/client/src/actions/logout.js": {"path":"/Users/sccofield/Desktop/moreRecipes/client/src/actions/logout.js","statementMap":{"0":{"start":{"line":4,"column":19},"end":{"line":4,"column":30}},"1":{"start":{"line":6,"column":32},"end":{"line":8,"column":2}},"2":{"start":{"line":6,"column":39},"end":{"line":8,"column":1}},"3":{"start":{"line":10,"column":32},"end":{"line":15,"column":1}},"4":{"start":{"line":10,"column":38},"end":{"line":15,"column":1}},"5":{"start":{"line":11,"column":2},"end":{"line":11,"column":35}},"6":{"start":{"line":12,"column":2},"end":{"line":12,"column":34}},"7":{"start":{"line":13,"column":2},"end":{"line":13,"column":31}},"8":{"start":{"line":14,"column":2},"end":{"line":14,"column":49}}},"fnMap":{"0":{"name":"(anonymous_0)","decl":{"start":{"line":6,"column":32},"end":{"line":6,"column":33}},"loc":{"start":{"line":6,"column":39},"end":{"line":8,"column":1}},"line":6},"1":{"name":"(anonymous_1)","decl":{"start":{"line":10,"column":32},"end":{"line":10,"column":33}},"loc":{"start":{"line":10,"column":38},"end":{"line":15,"column":1}},"line":10},"2":{"name":"(anonymous_2)","decl":{"start":{"line":10,"column":38},"end":{"line":10,"column":39}},"loc":{"start":{"line":10,"column":52},"end":{"line":15,"column":1}},"line":10}},"branchMap":{},"s":{"0":5,"1":5,"2":1,"3":5,"4":2,"5":1,"6":1,"7":1,"8":1},"f":{"0":1,"1":2,"2":1},"b":{},"_coverageSchema":"332fd63041d2c1bcb487cc26dd0d5f7d97098a6c","hash":"534e51be252830be368fe333030af710746c42e3"}
,"/Users/sccofield/Desktop/moreRecipes/client/src/actions/postRecipe.js": {"path":"/Users/sccofield/Desktop/moreRecipes/client/src/actions/postRecipe.js","statementMap":{"0":{"start":{"line":4,"column":24},"end":{"line":4,"column":35}},"1":{"start":{"line":6,"column":32},"end":{"line":9,"column":2}},"2":{"start":{"line":6,"column":43},"end":{"line":9,"column":1}},"3":{"start":{"line":11,"column":30},"end":{"line":13,"column":2}},"4":{"start":{"line":11,"column":37},"end":{"line":13,"column":1}},"5":{"start":{"line":15,"column":32},"end":{"line":25,"column":4}},"6":{"start":{"line":15,"column":42},"end":{"line":25,"column":4}},"7":{"start":{"line":15,"column":54},"end":{"line":25,"column":4}},"8":{"start":{"line":21,"column":23},"end":{"line":21,"column":38}},"9":{"start":{"line":22,"column":4},"end":{"line":22,"column":43}},"10":{"start":{"line":24,"column":4},"end":{"line":24,"column":52}}},"fnMap":{"0":{"name":"(anonymous_0)","decl":{"start":{"line":6,"column":32},"end":{"line":6,"column":33}},"loc":{"start":{"line":6,"column":43},"end":{"line":9,"column":1}},"line":6},"1":{"name":"(anonymous_1)","decl":{"start":{"line":11,"column":30},"end":{"line":11,"column":31}},"loc":{"start":{"line":11,"column":37},"end":{"line":13,"column":1}},"line":11},"2":{"name":"(anonymous_2)","decl":{"start":{"line":15,"column":32},"end":{"line":15,"column":33}},"loc":{"start":{"line":15,"column":42},"end":{"line":25,"column":4}},"line":15},"3":{"name":"(anonymous_3)","decl":{"start":{"line":15,"column":42},"end":{"line":15,"column":43}},"loc":{"start":{"line":15,"column":54},"end":{"line":25,"column":4}},"line":15},"4":{"name":"(anonymous_4)","decl":{"start":{"line":20,"column":8},"end":{"line":20,"column":9}},"loc":{"start":{"line":20,"column":17},"end":{"line":23,"column":3}},"line":20},"5":{"name":"(anonymous_5)","decl":{"start":{"line":23,"column":11},"end":{"line":23,"column":12}},"loc":{"start":{"line":23,"column":22},"end":{"line":25,"column":3}},"line":23}},"branchMap":{},"s":{"0":2,"1":2,"2":0,"3":2,"4":0,"5":2,"6":1,"7":0,"8":0,"9":0,"10":0},"f":{"0":0,"1":0,"2":1,"3":0,"4":0,"5":0},"b":{},"_coverageSchema":"332fd63041d2c1bcb487cc26dd0d5f7d97098a6c","hash":"f67b0aee66bdf43ea2f041a4e29b4cd5589aa6e8"}
,"/Users/sccofield/Desktop/moreRecipes/client/src/actions/register.js": {"path":"/Users/sccofield/Desktop/moreRecipes/client/src/actions/register.js","statementMap":{"0":{"start":{"line":4,"column":33},"end":{"line":4,"column":44}},"1":{"start":{"line":7,"column":34},"end":{"line":11,"column":2}},"2":{"start":{"line":7,"column":52},"end":{"line":11,"column":1}},"3":{"start":{"line":13,"column":25},"end":{"line":17,"column":2}},"4":{"start":{"line":13,"column":37},"end":{"line":17,"column":1}},"5":{"start":{"line":19,"column":34},"end":{"line":32,"column":4}},"6":{"start":{"line":19,"column":42},"end":{"line":32,"column":4}},"7":{"start":{"line":19,"column":54},"end":{"line":32,"column":4}},"8":{"start":{"line":22,"column":28},"end":{"line":22,"column":36}},"9":{"start":{"line":23,"column":4},"end":{"line":23,"column":41}},"10":{"start":{"line":24,"column":4},"end":{"line":24,"column":55}},"11":{"start":{"line":25,"column":4},"end":{"line":25,"column":46}},"12":{"start":{"line":26,"column":4},"end":{"line":26,"column":32}},"13":{"start":{"line":29,"column":24},"end":{"line":29,"column":43}},"14":{"start":{"line":30,"column":4},"end":{"line":30,"column":33}},"15":{"start":{"line":31,"column":4},"end":{"line":31,"column":33}}},"fnMap":{"0":{"name":"(anonymous_0)","decl":{"start":{"line":7,"column":34},"end":{"line":7,"column":35}},"loc":{"start":{"line":7,"column":52},"end":{"line":11,"column":1}},"line":7},"1":{"name":"(anonymous_1)","decl":{"start":{"line":13,"column":25},"end":{"line":13,"column":26}},"loc":{"start":{"line":13,"column":37},"end":{"line":17,"column":1}},"line":13},"2":{"name":"(anonymous_2)","decl":{"start":{"line":19,"column":34},"end":{"line":19,"column":35}},"loc":{"start":{"line":19,"column":42},"end":{"line":32,"column":4}},"line":19},"3":{"name":"(anonymous_3)","decl":{"start":{"line":19,"column":42},"end":{"line":19,"column":43}},"loc":{"start":{"line":19,"column":54},"end":{"line":32,"column":4}},"line":19},"4":{"name":"(anonymous_4)","decl":{"start":{"line":21,"column":8},"end":{"line":21,"column":9}},"loc":{"start":{"line":21,"column":17},"end":{"line":27,"column":3}},"line":21},"5":{"name":"(anonymous_5)","decl":{"start":{"line":28,"column":9},"end":{"line":28,"column":10}},"loc":{"start":{"line":28,"column":20},"end":{"line":32,"column":3}},"line":28}},"branchMap":{},"s":{"0":1,"1":1,"2":1,"3":1,"4":1,"5":1,"6":2,"7":2,"8":1,"9":1,"10":1,"11":1,"12":1,"13":1,"14":1,"15":1},"f":{"0":1,"1":1,"2":2,"3":2,"4":1,"5":1},"b":{},"_coverageSchema":"332fd63041d2c1bcb487cc26dd0d5f7d97098a6c","hash":"cb1d5bc4bed8632ba3696e2c9fe7710c48bdf48f"}
,"/Users/sccofield/Desktop/moreRecipes/client/src/actions/singleRecipes.js": {"path":"/Users/sccofield/Desktop/moreRecipes/client/src/actions/singleRecipes.js","statementMap":{"0":{"start":{"line":4,"column":30},"end":{"line":4,"column":41}},"1":{"start":{"line":6,"column":31},"end":{"line":9,"column":2}},"2":{"start":{"line":6,"column":42},"end":{"line":9,"column":1}},"3":{"start":{"line":11,"column":37},"end":{"line":16,"column":4}},"4":{"start":{"line":11,"column":43},"end":{"line":16,"column":4}},"5":{"start":{"line":11,"column":55},"end":{"line":16,"column":4}},"6":{"start":{"line":14,"column":23},"end":{"line":14,"column":31}},"7":{"start":{"line":15,"column":4},"end":{"line":15,"column":38}}},"fnMap":{"0":{"name":"(anonymous_0)","decl":{"start":{"line":6,"column":31},"end":{"line":6,"column":32}},"loc":{"start":{"line":6,"column":42},"end":{"line":9,"column":1}},"line":6},"1":{"name":"(anonymous_1)","decl":{"start":{"line":11,"column":37},"end":{"line":11,"column":38}},"loc":{"start":{"line":11,"column":43},"end":{"line":16,"column":4}},"line":11},"2":{"name":"(anonymous_2)","decl":{"start":{"line":11,"column":43},"end":{"line":11,"column":44}},"loc":{"start":{"line":11,"column":55},"end":{"line":16,"column":4}},"line":11},"3":{"name":"(anonymous_3)","decl":{"start":{"line":13,"column":8},"end":{"line":13,"column":9}},"loc":{"start":{"line":13,"column":17},"end":{"line":16,"column":3}},"line":13}},"branchMap":{},"s":{"0":1,"1":1,"2":0,"3":1,"4":1,"5":0,"6":0,"7":0},"f":{"0":0,"1":1,"2":0,"3":0},"b":{},"_coverageSchema":"332fd63041d2c1bcb487cc26dd0d5f7d97098a6c","hash":"f813adc8f740a9a0679b3e775037a67577cdb4c3"}
,"/Users/sccofield/Desktop/moreRecipes/client/src/actions/upvote.js": {"path":"/Users/sccofield/Desktop/moreRecipes/client/src/actions/upvote.js","statementMap":{"0":{"start":{"line":5,"column":41},"end":{"line":5,"column":52}},"1":{"start":{"line":7,"column":28},"end":{"line":10,"column":2}},"2":{"start":{"line":7,"column":37},"end":{"line":10,"column":1}},"3":{"start":{"line":12,"column":34},"end":{"line":14,"column":2}},"4":{"start":{"line":12,"column":45},"end":{"line":14,"column":1}},"5":{"start":{"line":16,"column":34},"end":{"line":33,"column":4}},"6":{"start":{"line":16,"column":46},"end":{"line":33,"column":4}},"7":{"start":{"line":16,"column":70},"end":{"line":33,"column":4}},"8":{"start":{"line":22,"column":21},"end":{"line":22,"column":29}},"9":{"start":{"line":23,"column":4},"end":{"line":29,"column":5}},"10":{"start":{"line":24,"column":6},"end":{"line":24,"column":60}},"11":{"start":{"line":25,"column":6},"end":{"line":25,"column":51}},"12":{"start":{"line":27,"column":6},"end":{"line":27,"column":79}},"13":{"start":{"line":28,"column":6},"end":{"line":28,"column":50}},"14":{"start":{"line":31,"column":24},"end":{"line":31,"column":51}},"15":{"start":{"line":32,"column":4},"end":{"line":32,"column":32}}},"fnMap":{"0":{"name":"(anonymous_0)","decl":{"start":{"line":7,"column":28},"end":{"line":7,"column":29}},"loc":{"start":{"line":7,"column":37},"end":{"line":10,"column":1}},"line":7},"1":{"name":"(anonymous_1)","decl":{"start":{"line":12,"column":34},"end":{"line":12,"column":35}},"loc":{"start":{"line":12,"column":45},"end":{"line":14,"column":1}},"line":12},"2":{"name":"(anonymous_2)","decl":{"start":{"line":16,"column":34},"end":{"line":16,"column":35}},"loc":{"start":{"line":16,"column":46},"end":{"line":33,"column":4}},"line":16},"3":{"name":"(anonymous_3)","decl":{"start":{"line":16,"column":46},"end":{"line":16,"column":47}},"loc":{"start":{"line":16,"column":70},"end":{"line":33,"column":4}},"line":16},"4":{"name":"(anonymous_4)","decl":{"start":{"line":21,"column":8},"end":{"line":21,"column":9}},"loc":{"start":{"line":21,"column":17},"end":{"line":30,"column":3}},"line":21},"5":{"name":"(anonymous_5)","decl":{"start":{"line":30,"column":11},"end":{"line":30,"column":12}},"loc":{"start":{"line":30,"column":22},"end":{"line":33,"column":3}},"line":30}},"branchMap":{"0":{"loc":{"start":{"line":23,"column":4},"end":{"line":29,"column":5}},"type":"if","locations":[{"start":{"line":23,"column":4},"end":{"line":29,"column":5}},{"start":{"line":23,"column":4},"end":{"line":29,"column":5}}],"line":23}},"s":{"0":3,"1":3,"2":1,"3":3,"4":0,"5":3,"6":3,"7":2,"8":1,"9":1,"10":0,"11":0,"12":1,"13":1,"14":1,"15":0},"f":{"0":1,"1":0,"2":3,"3":2,"4":1,"5":1},"b":{"0":[0,1]},"_coverageSchema":"332fd63041d2c1bcb487cc26dd0d5f7d97098a6c","hash":"836f41f3268d7e180044a84bdaf2d5236e7d1638"}
,"/Users/sccofield/Desktop/moreRecipes/client/src/components/Downvote.jsx": {"path":"/Users/sccofield/Desktop/moreRecipes/client/src/components/Downvote.jsx","statementMap":{"0":{"start":{"line":20,"column":4},"end":{"line":20,"column":17}},"1":{"start":{"line":22,"column":4},"end":{"line":22,"column":45}},"2":{"start":{"line":30,"column":19},"end":{"line":30,"column":29}},"3":{"start":{"line":31,"column":4},"end":{"line":31,"column":47}},"4":{"start":{"line":41,"column":4},"end":{"line":41,"column":71}},"5":{"start":{"line":41,"column":37},"end":{"line":41,"column":70}},"6":{"start":{"line":42,"column":4},"end":{"line":44,"column":5}},"7":{"start":{"line":43,"column":6},"end":{"line":43,"column":18}},"8":{"start":{"line":46,"column":4},"end":{"line":46,"column":17}},"9":{"start":{"line":55,"column":4},"end":{"line":66,"column":6}},"10":{"start":{"line":70,"column":0},"end":{"line":76,"column":2}},"11":{"start":{"line":79,"column":34},"end":{"line":80,"column":63}},"12":{"start":{"line":80,"column":2},"end":{"line":80,"column":63}}},"fnMap":{"0":{"name":"(anonymous_0)","decl":{"start":{"line":19,"column":2},"end":{"line":19,"column":3}},"loc":{"start":{"line":19,"column":21},"end":{"line":23,"column":3}},"line":19},"1":{"name":"(anonymous_1)","decl":{"start":{"line":29,"column":2},"end":{"line":29,"column":3}},"loc":{"start":{"line":29,"column":13},"end":{"line":32,"column":3}},"line":29},"2":{"name":"(anonymous_2)","decl":{"start":{"line":39,"column":2},"end":{"line":39,"column":3}},"loc":{"start":{"line":39,"column":13},"end":{"line":47,"column":3}},"line":39},"3":{"name":"(anonymous_3)","decl":{"start":{"line":41,"column":29},"end":{"line":41,"column":30}},"loc":{"start":{"line":41,"column":37},"end":{"line":41,"column":70}},"line":41},"4":{"name":"(anonymous_4)","decl":{"start":{"line":54,"column":2},"end":{"line":54,"column":3}},"loc":{"start":{"line":54,"column":11},"end":{"line":67,"column":3}},"line":54},"5":{"name":"(anonymous_5)","decl":{"start":{"line":79,"column":34},"end":{"line":79,"column":35}},"loc":{"start":{"line":80,"column":2},"end":{"line":80,"column":63}},"line":80}},"branchMap":{"0":{"loc":{"start":{"line":42,"column":4},"end":{"line":44,"column":5}},"type":"if","locations":[{"start":{"line":42,"column":4},"end":{"line":44,"column":5}},{"start":{"line":42,"column":4},"end":{"line":44,"column":5}}],"line":42},"1":{"loc":{"start":{"line":58,"column":47},"end":{"line":58,"column":76}},"type":"cond-expr","locations":[{"start":{"line":58,"column":65},"end":{"line":58,"column":71}},{"start":{"line":58,"column":74},"end":{"line":58,"column":76}}],"line":58}},"s":{"0":2,"1":2,"2":1,"3":1,"4":2,"5":2,"6":2,"7":2,"8":0,"9":2,"10":2,"11":2,"12":2},"f":{"0":2,"1":1,"2":2,"3":2,"4":2,"5":2},"b":{"0":[2,0],"1":[2,0]},"_coverageSchema":"332fd63041d2c1bcb487cc26dd0d5f7d97098a6c","hash":"0c09ef8682ee61b53c502a317623bf31ace1d045"}
,"/Users/sccofield/Desktop/moreRecipes/client/src/components/Favourite.jsx": {"path":"/Users/sccofield/Desktop/moreRecipes/client/src/components/Favourite.jsx","statementMap":{"0":{"start":{"line":20,"column":4},"end":{"line":20,"column":17}},"1":{"start":{"line":22,"column":4},"end":{"line":22,"column":47}},"2":{"start":{"line":30,"column":19},"end":{"line":30,"column":29}},"3":{"start":{"line":31,"column":4},"end":{"line":31,"column":48}},"4":{"start":{"line":41,"column":4},"end":{"line":41,"column":70}},"5":{"start":{"line":41,"column":37},"end":{"line":41,"column":69}},"6":{"start":{"line":42,"column":4},"end":{"line":44,"column":5}},"7":{"start":{"line":43,"column":6},"end":{"line":43,"column":18}},"8":{"start":{"line":46,"column":4},"end":{"line":46,"column":17}},"9":{"start":{"line":55,"column":4},"end":{"line":68,"column":6}},"10":{"start":{"line":72,"column":0},"end":{"line":77,"column":2}},"11":{"start":{"line":80,"column":34},"end":{"line":81,"column":64}},"12":{"start":{"line":81,"column":2},"end":{"line":81,"column":64}}},"fnMap":{"0":{"name":"(anonymous_0)","decl":{"start":{"line":19,"column":2},"end":{"line":19,"column":3}},"loc":{"start":{"line":19,"column":21},"end":{"line":23,"column":3}},"line":19},"1":{"name":"(anonymous_1)","decl":{"start":{"line":29,"column":2},"end":{"line":29,"column":3}},"loc":{"start":{"line":29,"column":14},"end":{"line":32,"column":3}},"line":29},"2":{"name":"(anonymous_2)","decl":{"start":{"line":39,"column":2},"end":{"line":39,"column":3}},"loc":{"start":{"line":39,"column":17},"end":{"line":47,"column":3}},"line":39},"3":{"name":"(anonymous_3)","decl":{"start":{"line":41,"column":30},"end":{"line":41,"column":31}},"loc":{"start":{"line":41,"column":37},"end":{"line":41,"column":69}},"line":41},"4":{"name":"(anonymous_4)","decl":{"start":{"line":54,"column":2},"end":{"line":54,"column":3}},"loc":{"start":{"line":54,"column":11},"end":{"line":69,"column":3}},"line":54},"5":{"name":"(anonymous_5)","decl":{"start":{"line":80,"column":34},"end":{"line":80,"column":35}},"loc":{"start":{"line":81,"column":2},"end":{"line":81,"column":64}},"line":81}},"branchMap":{"0":{"loc":{"start":{"line":42,"column":4},"end":{"line":44,"column":5}},"type":"if","locations":[{"start":{"line":42,"column":4},"end":{"line":44,"column":5}},{"start":{"line":42,"column":4},"end":{"line":44,"column":5}}],"line":42},"1":{"loc":{"start":{"line":59,"column":38},"end":{"line":59,"column":76}},"type":"cond-expr","locations":[{"start":{"line":59,"column":60},"end":{"line":59,"column":71}},{"start":{"line":59,"column":74},"end":{"line":59,"column":76}}],"line":59}},"s":{"0":2,"1":2,"2":0,"3":0,"4":2,"5":2,"6":2,"7":2,"8":0,"9":2,"10":2,"11":2,"12":2},"f":{"0":2,"1":0,"2":2,"3":2,"4":2,"5":2},"b":{"0":[2,0],"1":[2,0]},"_coverageSchema":"332fd63041d2c1bcb487cc26dd0d5f7d97098a6c","hash":"e305e67a9ec4ef5b24ea875bd6a7043d990d3406"}
,"/Users/sccofield/Desktop/moreRecipes/client/src/components/Footer.jsx": {"path":"/Users/sccofield/Desktop/moreRecipes/client/src/components/Footer.jsx","statementMap":{"0":{"start":{"line":3,"column":15},"end":{"line":16,"column":1}},"1":{"start":{"line":4,"column":2},"end":{"line":15,"column":11}}},"fnMap":{"0":{"name":"(anonymous_0)","decl":{"start":{"line":3,"column":15},"end":{"line":3,"column":16}},"loc":{"start":{"line":4,"column":2},"end":{"line":15,"column":11}},"line":4}},"branchMap":{},"s":{"0":4,"1":1},"f":{"0":1},"b":{},"_coverageSchema":"332fd63041d2c1bcb487cc26dd0d5f7d97098a6c","hash":"dd44854f76dd93b4e757a1a39c85a57ea530d3a9"}
,"/Users/sccofield/Desktop/moreRecipes/client/src/components/Navbar.jsx": {"path":"/Users/sccofield/Desktop/moreRecipes/client/src/components/Navbar.jsx","statementMap":{"0":{"start":{"line":8,"column":15},"end":{"line":76,"column":1}},"1":{"start":{"line":9,"column":2},"end":{"line":73,"column":8}},"2":{"start":{"line":79,"column":24},"end":{"line":81,"column":2}},"3":{"start":{"line":79,"column":34},"end":{"line":81,"column":1}},"4":{"start":{"line":83,"column":27},"end":{"line":87,"column":2}},"5":{"start":{"line":83,"column":40},"end":{"line":87,"column":1}},"6":{"start":{"line":85,"column":4},"end":{"line":85,"column":40}},"7":{"start":{"line":89,"column":0},"end":{"line":92,"column":2}},"8":{"start":{"line":94,"column":0},"end":{"line":96,"column":2}}},"fnMap":{"0":{"name":"(anonymous_0)","decl":{"start":{"line":8,"column":15},"end":{"line":8,"column":16}},"loc":{"start":{"line":9,"column":2},"end":{"line":73,"column":8}},"line":9},"1":{"name":"(anonymous_1)","decl":{"start":{"line":79,"column":24},"end":{"line":79,"column":25}},"loc":{"start":{"line":79,"column":34},"end":{"line":81,"column":1}},"line":79},"2":{"name":"(anonymous_2)","decl":{"start":{"line":83,"column":27},"end":{"line":83,"column":28}},"loc":{"start":{"line":83,"column":40},"end":{"line":87,"column":1}},"line":83},"3":{"name":"(anonymous_3)","decl":{"start":{"line":84,"column":10},"end":{"line":84,"column":11}},"loc":{"start":{"line":84,"column":16},"end":{"line":86,"column":3}},"line":84}},"branchMap":{"0":{"loc":{"start":{"line":32,"column":10},"end":{"line":35,"column":15}},"type":"binary-expr","locations":[{"start":{"line":32,"column":10},"end":{"line":32,"column":31}},{"start":{"line":33,"column":10},"end":{"line":35,"column":15}}],"line":32},"1":{"loc":{"start":{"line":38,"column":10},"end":{"line":41,"column":15}},"type":"binary-expr","locations":[{"start":{"line":38,"column":10},"end":{"line":38,"column":31}},{"start":{"line":39,"column":10},"end":{"line":41,"column":15}}],"line":38},"2":{"loc":{"start":{"line":44,"column":10},"end":{"line":54,"column":15}},"type":"binary-expr","locations":[{"start":{"line":44,"column":10},"end":{"line":44,"column":31}},{"start":{"line":46,"column":10},"end":{"line":54,"column":15}}],"line":44},"3":{"loc":{"start":{"line":58,"column":10},"end":{"line":61,"column":15}},"type":"binary-expr","locations":[{"start":{"line":58,"column":10},"end":{"line":58,"column":32}},{"start":{"line":59,"column":10},"end":{"line":61,"column":15}}],"line":58},"4":{"loc":{"start":{"line":65,"column":10},"end":{"line":68,"column":15}},"type":"binary-expr","locations":[{"start":{"line":65,"column":10},"end":{"line":65,"column":32}},{"start":{"line":66,"column":10},"end":{"line":68,"column":15}}],"line":65}},"s":{"0":4,"1":0,"2":4,"3":0,"4":4,"5":0,"6":0,"7":4,"8":4},"f":{"0":0,"1":0,"2":0,"3":0},"b":{"0":[0,0],"1":[0,0],"2":[0,0],"3":[0,0],"4":[0,0]},"_coverageSchema":"332fd63041d2c1bcb487cc26dd0d5f7d97098a6c","hash":"4509e79e4f1a769992b8fb5de8dd6c71b48de438"}
,"/Users/sccofield/Desktop/moreRecipes/client/src/components/PageHeader.jsx": {"path":"/Users/sccofield/Desktop/moreRecipes/client/src/components/PageHeader.jsx","statementMap":{"0":{"start":{"line":6,"column":26},"end":{"line":14,"column":1}},"1":{"start":{"line":7,"column":2},"end":{"line":12,"column":11}},"2":{"start":{"line":16,"column":34},"end":{"line":21,"column":2}},"3":{"start":{"line":16,"column":47},"end":{"line":21,"column":1}},"4":{"start":{"line":19,"column":4},"end":{"line":19,"column":40}}},"fnMap":{"0":{"name":"(anonymous_0)","decl":{"start":{"line":6,"column":26},"end":{"line":6,"column":27}},"loc":{"start":{"line":7,"column":2},"end":{"line":12,"column":11}},"line":7},"1":{"name":"(anonymous_1)","decl":{"start":{"line":16,"column":34},"end":{"line":16,"column":35}},"loc":{"start":{"line":16,"column":47},"end":{"line":21,"column":1}},"line":16},"2":{"name":"(anonymous_2)","decl":{"start":{"line":18,"column":14},"end":{"line":18,"column":15}},"loc":{"start":{"line":18,"column":20},"end":{"line":20,"column":3}},"line":18}},"branchMap":{},"s":{"0":4,"1":1,"2":4,"3":2,"4":1},"f":{"0":1,"1":2,"2":1},"b":{},"_coverageSchema":"332fd63041d2c1bcb487cc26dd0d5f7d97098a6c","hash":"07882591bc000b96cc79a7a3f5ddaf4c95f78585"}
,"/Users/sccofield/Desktop/moreRecipes/client/src/components/Recipe.jsx": {"path":"/Users/sccofield/Desktop/moreRecipes/client/src/components/Recipe.jsx","statementMap":{"0":{"start":{"line":6,"column":15},"end":{"line":67,"column":1}},"1":{"start":{"line":7,"column":2},"end":{"line":66,"column":8}},"2":{"start":{"line":69,"column":0},"end":{"line":81,"column":2}},"3":{"start":{"line":83,"column":0},"end":{"line":85,"column":2}}},"fnMap":{"0":{"name":"(anonymous_0)","decl":{"start":{"line":6,"column":15},"end":{"line":6,"column":16}},"loc":{"start":{"line":7,"column":2},"end":{"line":66,"column":8}},"line":7}},"branchMap":{"0":{"loc":{"start":{"line":9,"column":6},"end":{"line":60,"column":12}},"type":"binary-expr","locations":[{"start":{"line":9,"column":6},"end":{"line":9,"column":18}},{"start":{"line":11,"column":6},"end":{"line":60,"column":12}}],"line":9},"1":{"loc":{"start":{"line":63,"column":6},"end":{"line":64,"column":38}},"type":"binary-expr","locations":[{"start":{"line":63,"column":6},"end":{"line":63,"column":19}},{"start":{"line":64,"column":6},"end":{"line":64,"column":38}}],"line":63}},"s":{"0":1,"1":2,"2":1,"3":1},"f":{"0":2},"b":{"0":[2,1],"1":[2,1]},"_coverageSchema":"332fd63041d2c1bcb487cc26dd0d5f7d97098a6c","hash":"e08171e7e432cf8647b84715ddf97aabe12d2a50"}
,"/Users/sccofield/Desktop/moreRecipes/client/src/components/RecipeDetail.jsx": {"path":"/Users/sccofield/Desktop/moreRecipes/client/src/components/RecipeDetail.jsx","statementMap":{"0":{"start":{"line":27,"column":4},"end":{"line":27,"column":26}},"1":{"start":{"line":28,"column":4},"end":{"line":28,"column":72}},"2":{"start":{"line":38,"column":4},"end":{"line":159,"column":6}},"3":{"start":{"line":122,"column":34},"end":{"line":127,"column":39}},"4":{"start":{"line":163,"column":0},"end":{"line":190,"column":2}},"5":{"start":{"line":192,"column":0},"end":{"line":194,"column":2}},"6":{"start":{"line":197,"column":31},"end":{"line":201,"column":2}},"7":{"start":{"line":197,"column":41},"end":{"line":201,"column":1}},"8":{"start":{"line":203,"column":34},"end":{"line":204,"column":64}},"9":{"start":{"line":204,"column":2},"end":{"line":204,"column":64}}},"fnMap":{"0":{"name":"(anonymous_0)","decl":{"start":{"line":26,"column":2},"end":{"line":26,"column":3}},"loc":{"start":{"line":26,"column":23},"end":{"line":29,"column":3}},"line":26},"1":{"name":"(anonymous_1)","decl":{"start":{"line":37,"column":2},"end":{"line":37,"column":3}},"loc":{"start":{"line":37,"column":11},"end":{"line":160,"column":3}},"line":37},"2":{"name":"(anonymous_2)","decl":{"start":{"line":120,"column":35},"end":{"line":120,"column":36}},"loc":{"start":{"line":122,"column":34},"end":{"line":127,"column":39}},"line":122},"3":{"name":"(anonymous_3)","decl":{"start":{"line":197,"column":31},"end":{"line":197,"column":32}},"loc":{"start":{"line":197,"column":41},"end":{"line":201,"column":1}},"line":197},"4":{"name":"(anonymous_4)","decl":{"start":{"line":203,"column":34},"end":{"line":203,"column":35}},"loc":{"start":{"line":204,"column":2},"end":{"line":204,"column":64}},"line":204}},"branchMap":{"0":{"loc":{"start":{"line":41,"column":10},"end":{"line":156,"column":16}},"type":"binary-expr","locations":[{"start":{"line":41,"column":10},"end":{"line":41,"column":27}},{"start":{"line":43,"column":10},"end":{"line":156,"column":16}}],"line":41},"1":{"loc":{"start":{"line":68,"column":24},"end":{"line":96,"column":30}},"type":"binary-expr","locations":[{"start":{"line":68,"column":24},"end":{"line":68,"column":50}},{"start":{"line":69,"column":24},"end":{"line":96,"column":30}}],"line":68},"2":{"loc":{"start":{"line":87,"column":28},"end":{"line":93,"column":35}},"type":"binary-expr","locations":[{"start":{"line":87,"column":28},"end":{"line":87,"column":75}},{"start":{"line":88,"column":28},"end":{"line":93,"column":35}}],"line":87}},"s":{"0":1,"1":1,"2":1,"3":1,"4":1,"5":1,"6":1,"7":1,"8":1,"9":2},"f":{"0":1,"1":1,"2":1,"3":1,"4":2},"b":{"0":[1,1],"1":[1,1],"2":[1,0]},"_coverageSchema":"332fd63041d2c1bcb487cc26dd0d5f7d97098a6c","hash":"cc1b2b7154f090fabfb572c012d2d6d1f3e6c15f"}
,"/Users/sccofield/Desktop/moreRecipes/client/src/components/Upvote.jsx": {"path":"/Users/sccofield/Desktop/moreRecipes/client/src/components/Upvote.jsx","statementMap":{"0":{"start":{"line":20,"column":4},"end":{"line":20,"column":17}},"1":{"start":{"line":22,"column":4},"end":{"line":22,"column":41}},"2":{"start":{"line":30,"column":19},"end":{"line":30,"column":29}},"3":{"start":{"line":31,"column":4},"end":{"line":31,"column":45}},"4":{"start":{"line":41,"column":4},"end":{"line":41,"column":69}},"5":{"start":{"line":41,"column":35},"end":{"line":41,"column":68}},"6":{"start":{"line":42,"column":4},"end":{"line":44,"column":5}},"7":{"start":{"line":43,"column":6},"end":{"line":43,"column":18}},"8":{"start":{"line":46,"column":4},"end":{"line":46,"column":17}},"9":{"start":{"line":55,"column":4},"end":{"line":66,"column":6}},"10":{"start":{"line":71,"column":0},"end":{"line":77,"column":2}},"11":{"start":{"line":80,"column":34},"end":{"line":81,"column":61}},"12":{"start":{"line":81,"column":2},"end":{"line":81,"column":61}}},"fnMap":{"0":{"name":"(anonymous_0)","decl":{"start":{"line":19,"column":2},"end":{"line":19,"column":3}},"loc":{"start":{"line":19,"column":21},"end":{"line":23,"column":3}},"line":19},"1":{"name":"(anonymous_1)","decl":{"start":{"line":29,"column":2},"end":{"line":29,"column":3}},"loc":{"start":{"line":29,"column":11},"end":{"line":32,"column":3}},"line":29},"2":{"name":"(anonymous_2)","decl":{"start":{"line":39,"column":2},"end":{"line":39,"column":3}},"loc":{"start":{"line":39,"column":13},"end":{"line":47,"column":3}},"line":39},"3":{"name":"(anonymous_3)","decl":{"start":{"line":41,"column":27},"end":{"line":41,"column":28}},"loc":{"start":{"line":41,"column":35},"end":{"line":41,"column":68}},"line":41},"4":{"name":"(anonymous_4)","decl":{"start":{"line":54,"column":2},"end":{"line":54,"column":3}},"loc":{"start":{"line":54,"column":11},"end":{"line":67,"column":3}},"line":54},"5":{"name":"(anonymous_5)","decl":{"start":{"line":80,"column":34},"end":{"line":80,"column":35}},"loc":{"start":{"line":81,"column":2},"end":{"line":81,"column":61}},"line":81}},"branchMap":{"0":{"loc":{"start":{"line":42,"column":4},"end":{"line":44,"column":5}},"type":"if","locations":[{"start":{"line":42,"column":4},"end":{"line":44,"column":5}},{"start":{"line":42,"column":4},"end":{"line":44,"column":5}}],"line":42},"1":{"loc":{"start":{"line":58,"column":47},"end":{"line":58,"column":76}},"type":"cond-expr","locations":[{"start":{"line":58,"column":65},"end":{"line":58,"column":71}},{"start":{"line":58,"column":74},"end":{"line":58,"column":76}}],"line":58}},"s":{"0":2,"1":2,"2":1,"3":1,"4":2,"5":2,"6":2,"7":2,"8":0,"9":2,"10":2,"11":2,"12":2},"f":{"0":2,"1":1,"2":2,"3":2,"4":2,"5":2},"b":{"0":[2,0],"1":[2,0]},"_coverageSchema":"332fd63041d2c1bcb487cc26dd0d5f7d97098a6c","hash":"785213db9f3bebfd58e0bfb9edbca94d296678e2"}
,"/Users/sccofield/Desktop/moreRecipes/client/src/components/dashboard/FavoriteRecipes.jsx": {"path":"/Users/sccofield/Desktop/moreRecipes/client/src/components/dashboard/FavoriteRecipes.jsx","statementMap":{"0":{"start":{"line":8,"column":24},"end":{"line":88,"column":1}},"1":{"start":{"line":9,"column":2},"end":{"line":87,"column":8}},"2":{"start":{"line":39,"column":10},"end":{"line":83,"column":16}},"3":{"start":{"line":90,"column":0},"end":{"line":94,"column":2}},"4":{"start":{"line":95,"column":0},"end":{"line":97,"column":2}}},"fnMap":{"0":{"name":"(anonymous_0)","decl":{"start":{"line":8,"column":24},"end":{"line":8,"column":25}},"loc":{"start":{"line":9,"column":2},"end":{"line":87,"column":8}},"line":9},"1":{"name":"(anonymous_1)","decl":{"start":{"line":37,"column":36},"end":{"line":37,"column":37}},"loc":{"start":{"line":39,"column":10},"end":{"line":83,"column":16}},"line":39}},"branchMap":{"0":{"loc":{"start":{"line":11,"column":5},"end":{"line":86,"column":5}},"type":"cond-expr","locations":[{"start":{"line":12,"column":6},"end":{"line":12,"column":66}},{"start":{"line":16,"column":6},"end":{"line":85,"column":16}}],"line":11}},"s":{"0":1,"1":2,"2":1,"3":1,"4":1},"f":{"0":2,"1":1},"b":{"0":[1,1]},"_coverageSchema":"332fd63041d2c1bcb487cc26dd0d5f7d97098a6c","hash":"0ff021aa49a0fcc9d7fd1d9781a86fb514ff740a"}
,"/Users/sccofield/Desktop/moreRecipes/client/src/components/dashboard/MyRecipes.jsx": {"path":"/Users/sccofield/Desktop/moreRecipes/client/src/components/dashboard/MyRecipes.jsx","statementMap":{"0":{"start":{"line":8,"column":18},"end":{"line":141,"column":1}},"1":{"start":{"line":9,"column":2},"end":{"line":140,"column":8}},"2":{"start":{"line":38,"column":10},"end":{"line":134,"column":16}},"3":{"start":{"line":143,"column":0},"end":{"line":148,"column":2}},"4":{"start":{"line":149,"column":0},"end":{"line":151,"column":2}}},"fnMap":{"0":{"name":"(anonymous_0)","decl":{"start":{"line":8,"column":18},"end":{"line":8,"column":19}},"loc":{"start":{"line":9,"column":2},"end":{"line":140,"column":8}},"line":9},"1":{"name":"(anonymous_1)","decl":{"start":{"line":37,"column":31},"end":{"line":37,"column":32}},"loc":{"start":{"line":38,"column":10},"end":{"line":134,"column":16}},"line":38}},"branchMap":{"0":{"loc":{"start":{"line":10,"column":5},"end":{"line":139,"column":5}},"type":"cond-expr","locations":[{"start":{"line":11,"column":6},"end":{"line":14,"column":12}},{"start":{"line":16,"column":6},"end":{"line":138,"column":16}}],"line":10}},"s":{"0":1,"1":2,"2":1,"3":1,"4":1},"f":{"0":2,"1":1},"b":{"0":[1,1]},"_coverageSchema":"332fd63041d2c1bcb487cc26dd0d5f7d97098a6c","hash":"701ac25557c97897fa360eb1889a12aea170d269"}
,"/Users/sccofield/Desktop/moreRecipes/client/src/components/editRecipe/EditRecipeForm.jsx": {"path":"/Users/sccofield/Desktop/moreRecipes/client/src/components/editRecipe/EditRecipeForm.jsx","statementMap":{"0":{"start":{"line":5,"column":23},"end":{"line":96,"column":1}},"1":{"start":{"line":6,"column":2},"end":{"line":94,"column":9}},"2":{"start":{"line":12,"column":93},"end":{"line":12,"column":148}}},"fnMap":{"0":{"name":"(anonymous_0)","decl":{"start":{"line":5,"column":23},"end":{"line":5,"column":24}},"loc":{"start":{"line":6,"column":2},"end":{"line":94,"column":9}},"line":6},"1":{"name":"(anonymous_1)","decl":{"start":{"line":12,"column":84},"end":{"line":12,"column":85}},"loc":{"start":{"line":12,"column":93},"end":{"line":12,"column":148}},"line":12}},"branchMap":{"0":{"loc":{"start":{"line":12,"column":9},"end":{"line":12,"column":155}},"type":"binary-expr","locations":[{"start":{"line":12,"column":9},"end":{"line":12,"column":27}},{"start":{"line":12,"column":31},"end":{"line":12,"column":155}}],"line":12},"1":{"loc":{"start":{"line":15,"column":10},"end":{"line":89,"column":17}},"type":"binary-expr","locations":[{"start":{"line":15,"column":10},"end":{"line":15,"column":21}},{"start":{"line":16,"column":10},"end":{"line":89,"column":17}}],"line":15},"2":{"loc":{"start":{"line":70,"column":18},"end":{"line":74,"column":22}},"type":"binary-expr","locations":[{"start":{"line":70,"column":18},"end":{"line":70,"column":38}},{"start":{"line":72,"column":16},"end":{"line":74,"column":22}}],"line":70}},"s":{"0":1,"1":3,"2":1},"f":{"0":3,"1":1},"b":{"0":[3,1],"1":[3,3],"2":[3,1]},"_coverageSchema":"332fd63041d2c1bcb487cc26dd0d5f7d97098a6c","hash":"0d90f5249284390c189e36e4e21526f60ff76df7"}
,"/Users/sccofield/Desktop/moreRecipes/client/src/components/postRecipe/FormValidator.jsx": {"path":"/Users/sccofield/Desktop/moreRecipes/client/src/components/postRecipe/FormValidator.jsx","statementMap":{"0":{"start":{"line":3,"column":22},"end":{"line":23,"column":1}},"1":{"start":{"line":4,"column":17},"end":{"line":4,"column":19}},"2":{"start":{"line":6,"column":2},"end":{"line":8,"column":3}},"3":{"start":{"line":7,"column":4},"end":{"line":7,"column":44}},"4":{"start":{"line":11,"column":2},"end":{"line":13,"column":3}},"5":{"start":{"line":12,"column":4},"end":{"line":12,"column":49}},"6":{"start":{"line":15,"column":2},"end":{"line":17,"column":3}},"7":{"start":{"line":16,"column":4},"end":{"line":16,"column":50}},"8":{"start":{"line":20,"column":2},"end":{"line":22,"column":4}}},"fnMap":{"0":{"name":"(anonymous_0)","decl":{"start":{"line":3,"column":22},"end":{"line":3,"column":23}},"loc":{"start":{"line":3,"column":32},"end":{"line":23,"column":1}},"line":3}},"branchMap":{"0":{"loc":{"start":{"line":6,"column":2},"end":{"line":8,"column":3}},"type":"if","locations":[{"start":{"line":6,"column":2},"end":{"line":8,"column":3}},{"start":{"line":6,"column":2},"end":{"line":8,"column":3}}],"line":6},"1":{"loc":{"start":{"line":11,"column":2},"end":{"line":13,"column":3}},"type":"if","locations":[{"start":{"line":11,"column":2},"end":{"line":13,"column":3}},{"start":{"line":11,"column":2},"end":{"line":13,"column":3}}],"line":11},"2":{"loc":{"start":{"line":15,"column":2},"end":{"line":17,"column":3}},"type":"if","locations":[{"start":{"line":15,"column":2},"end":{"line":17,"column":3}},{"start":{"line":15,"column":2},"end":{"line":17,"column":3}}],"line":15}},"s":{"0":2,"1":0,"2":0,"3":0,"4":0,"5":0,"6":0,"7":0,"8":0},"f":{"0":0},"b":{"0":[0,0],"1":[0,0],"2":[0,0]},"_coverageSchema":"332fd63041d2c1bcb487cc26dd0d5f7d97098a6c","hash":"fb11f35a983aea6b127fadb656ec5a70cc9952f8"}
,"/Users/sccofield/Desktop/moreRecipes/client/src/components/postRecipe/PostRecipe.jsx": {"path":"/Users/sccofield/Desktop/moreRecipes/client/src/components/postRecipe/PostRecipe.jsx","statementMap":{"0":{"start":{"line":26,"column":4},"end":{"line":26,"column":12}},"1":{"start":{"line":28,"column":4},"end":{"line":34,"column":6}},"2":{"start":{"line":35,"column":4},"end":{"line":35,"column":49}},"3":{"start":{"line":36,"column":4},"end":{"line":36,"column":45}},"4":{"start":{"line":37,"column":4},"end":{"line":37,"column":45}},"5":{"start":{"line":46,"column":4},"end":{"line":46,"column":32}},"6":{"start":{"line":56,"column":4},"end":{"line":59,"column":5}},"7":{"start":{"line":57,"column":6},"end":{"line":57,"column":51}},"8":{"start":{"line":58,"column":6},"end":{"line":58,"column":67}},"9":{"start":{"line":69,"column":4},"end":{"line":69,"column":63}},"10":{"start":{"line":79,"column":4},"end":{"line":79,"column":27}},"11":{"start":{"line":80,"column":4},"end":{"line":100,"column":5}},"12":{"start":{"line":81,"column":26},"end":{"line":81,"column":40}},"13":{"start":{"line":83,"column":6},"end":{"line":98,"column":7}},"14":{"start":{"line":84,"column":8},"end":{"line":84,"column":53}},"15":{"start":{"line":85,"column":8},"end":{"line":85,"column":56}},"16":{"start":{"line":86,"column":8},"end":{"line":86,"column":57}},"17":{"start":{"line":87,"column":8},"end":{"line":95,"column":13}},"18":{"start":{"line":92,"column":29},"end":{"line":92,"column":39}},"19":{"start":{"line":93,"column":12},"end":{"line":93,"column":52}},"20":{"start":{"line":94,"column":12},"end":{"line":94,"column":57}},"21":{"start":{"line":97,"column":8},"end":{"line":97,"column":55}},"22":{"start":{"line":110,"column":4},"end":{"line":110,"column":39}},"23":{"start":{"line":120,"column":23},"end":{"line":120,"column":48}},"24":{"start":{"line":121,"column":4},"end":{"line":124,"column":5}},"25":{"start":{"line":122,"column":6},"end":{"line":122,"column":32}},"26":{"start":{"line":123,"column":6},"end":{"line":123,"column":19}},"27":{"start":{"line":125,"column":4},"end":{"line":125,"column":34}},"28":{"start":{"line":126,"column":4},"end":{"line":126,"column":16}},"29":{"start":{"line":136,"column":4},"end":{"line":158,"column":6}},"30":{"start":{"line":162,"column":31},"end":{"line":164,"column":2}},"31":{"start":{"line":162,"column":41},"end":{"line":164,"column":1}},"32":{"start":{"line":166,"column":34},"end":{"line":167,"column":75}},"33":{"start":{"line":167,"column":2},"end":{"line":167,"column":75}},"34":{"start":{"line":169,"column":0},"end":{"line":179,"column":2}},"35":{"start":{"line":181,"column":0},"end":{"line":184,"column":2}}},"fnMap":{"0":{"name":"(anonymous_0)","decl":{"start":{"line":25,"column":2},"end":{"line":25,"column":3}},"loc":{"start":{"line":25,"column":16},"end":{"line":38,"column":3}},"line":25},"1":{"name":"(anonymous_1)","decl":{"start":{"line":45,"column":2},"end":{"line":45,"column":3}},"loc":{"start":{"line":45,"column":23},"end":{"line":47,"column":3}},"line":45},"2":{"name":"(anonymous_2)","decl":{"start":{"line":55,"column":2},"end":{"line":55,"column":3}},"loc":{"start":{"line":55,"column":39},"end":{"line":60,"column":3}},"line":55},"3":{"name":"(anonymous_3)","decl":{"start":{"line":68,"column":2},"end":{"line":68,"column":3}},"loc":{"start":{"line":68,"column":18},"end":{"line":70,"column":3}},"line":68},"4":{"name":"(anonymous_4)","decl":{"start":{"line":78,"column":2},"end":{"line":78,"column":3}},"loc":{"start":{"line":78,"column":18},"end":{"line":101,"column":3}},"line":78},"5":{"name":"(anonymous_5)","decl":{"start":{"line":91,"column":16},"end":{"line":91,"column":17}},"loc":{"start":{"line":91,"column":25},"end":{"line":95,"column":11}},"line":91},"6":{"name":"(anonymous_6)","decl":{"start":{"line":109,"column":2},"end":{"line":109,"column":3}},"loc":{"start":{"line":109,"column":20},"end":{"line":111,"column":3}},"line":109},"7":{"name":"(anonymous_7)","decl":{"start":{"line":119,"column":2},"end":{"line":119,"column":3}},"loc":{"start":{"line":119,"column":13},"end":{"line":127,"column":3}},"line":119},"8":{"name":"(anonymous_8)","decl":{"start":{"line":135,"column":2},"end":{"line":135,"column":3}},"loc":{"start":{"line":135,"column":11},"end":{"line":159,"column":3}},"line":135},"9":{"name":"(anonymous_9)","decl":{"start":{"line":162,"column":31},"end":{"line":162,"column":32}},"loc":{"start":{"line":162,"column":41},"end":{"line":164,"column":1}},"line":162},"10":{"name":"(anonymous_10)","decl":{"start":{"line":166,"column":34},"end":{"line":166,"column":35}},"loc":{"start":{"line":167,"column":2},"end":{"line":167,"column":75}},"line":167}},"branchMap":{"0":{"loc":{"start":{"line":56,"column":4},"end":{"line":59,"column":5}},"type":"if","locations":[{"start":{"line":56,"column":4},"end":{"line":59,"column":5}},{"start":{"line":56,"column":4},"end":{"line":59,"column":5}}],"line":56},"1":{"loc":{"start":{"line":80,"column":4},"end":{"line":100,"column":5}},"type":"if","locations":[{"start":{"line":80,"column":4},"end":{"line":100,"column":5}},{"start":{"line":80,"column":4},"end":{"line":100,"column":5}}],"line":80},"2":{"loc":{"start":{"line":83,"column":6},"end":{"line":98,"column":7}},"type":"if","locations":[{"start":{"line":83,"column":6},"end":{"line":98,"column":7}},{"start":{"line":83,"column":6},"end":{"line":98,"column":7}}],"line":83},"3":{"loc":{"start":{"line":121,"column":4},"end":{"line":124,"column":5}},"type":"if","locations":[{"start":{"line":121,"column":4},"end":{"line":124,"column":5}},{"start":{"line":121,"column":4},"end":{"line":124,"column":5}}],"line":121},"4":{"loc":{"start":{"line":150,"column":30},"end":{"line":150,"column":74}},"type":"binary-expr","locations":[{"start":{"line":150,"column":30},"end":{"line":150,"column":46}},{"start":{"line":150,"column":50},"end":{"line":150,"column":74}}],"line":150}},"s":{"0":2,"1":2,"2":2,"3":2,"4":2,"5":2,"6":0,"7":0,"8":0,"9":1,"10":1,"11":1,"12":0,"13":0,"14":0,"15":0,"16":0,"17":0,"18":0,"19":0,"20":0,"21":0,"22":0,"23":0,"24":0,"25":0,"26":0,"27":0,"28":0,"29":3,"30":2,"31":1,"32":2,"33":2,"34":2,"35":2},"f":{"0":2,"1":2,"2":0,"3":1,"4":1,"5":0,"6":0,"7":0,"8":3,"9":1,"10":2},"b":{"0":[0,0],"1":[0,0],"2":[0,0],"3":[0,0],"4":[3,0]},"_coverageSchema":"332fd63041d2c1bcb487cc26dd0d5f7d97098a6c","hash":"cab43d373284afe65afd3707a8f53535e0edc5d0"}
,"/Users/sccofield/Desktop/moreRecipes/client/src/components/postRecipe/PostRecipeForm.jsx": {"path":"/Users/sccofield/Desktop/moreRecipes/client/src/components/postRecipe/PostRecipeForm.jsx","statementMap":{"0":{"start":{"line":6,"column":23},"end":{"line":108,"column":1}},"1":{"start":{"line":7,"column":2},"end":{"line":106,"column":9}},"2":{"start":{"line":16,"column":14},"end":{"line":19,"column":19}},"3":{"start":{"line":110,"column":0},"end":{"line":123,"column":2}},"4":{"start":{"line":125,"column":0},"end":{"line":131,"column":2}}},"fnMap":{"0":{"name":"(anonymous_0)","decl":{"start":{"line":6,"column":23},"end":{"line":6,"column":24}},"loc":{"start":{"line":7,"column":2},"end":{"line":106,"column":9}},"line":7},"1":{"name":"(anonymous_1)","decl":{"start":{"line":15,"column":35},"end":{"line":15,"column":36}},"loc":{"start":{"line":16,"column":14},"end":{"line":19,"column":19}},"line":16}},"branchMap":{"0":{"loc":{"start":{"line":13,"column":9},"end":{"line":20,"column":15}},"type":"binary-expr","locations":[{"start":{"line":13,"column":9},"end":{"line":13,"column":27}},{"start":{"line":14,"column":10},"end":{"line":20,"column":15}}],"line":13},"1":{"loc":{"start":{"line":79,"column":16},"end":{"line":87,"column":20}},"type":"binary-expr","locations":[{"start":{"line":79,"column":16},"end":{"line":79,"column":34}},{"start":{"line":81,"column":14},"end":{"line":87,"column":20}}],"line":79}},"s":{"0":2,"1":4,"2":1,"3":2,"4":2},"f":{"0":4,"1":1},"b":{"0":[4,1],"1":[4,1]},"_coverageSchema":"332fd63041d2c1bcb487cc26dd0d5f7d97098a6c","hash":"24fa67206397eba4cab2b6c7c018acad9542e691"}
,"/Users/sccofield/Desktop/moreRecipes/client/src/components/register/RegisterForm.jsx": {"path":"/Users/sccofield/Desktop/moreRecipes/client/src/components/register/RegisterForm.jsx","statementMap":{"0":{"start":{"line":4,"column":21},"end":{"line":87,"column":1}},"1":{"start":{"line":5,"column":2},"end":{"line":86,"column":8}},"2":{"start":{"line":23,"column":46},"end":{"line":23,"column":102}},"3":{"start":{"line":89,"column":0},"end":{"line":101,"column":2}},"4":{"start":{"line":102,"column":0},"end":{"line":107,"column":2}}},"fnMap":{"0":{"name":"(anonymous_0)","decl":{"start":{"line":4,"column":21},"end":{"line":4,"column":22}},"loc":{"start":{"line":5,"column":2},"end":{"line":86,"column":8}},"line":5},"1":{"name":"(anonymous_1)","decl":{"start":{"line":23,"column":37},"end":{"line":23,"column":38}},"loc":{"start":{"line":23,"column":46},"end":{"line":23,"column":102}},"line":23}},"branchMap":{"0":{"loc":{"start":{"line":17,"column":12},"end":{"line":18,"column":64}},"type":"binary-expr","locations":[{"start":{"line":17,"column":12},"end":{"line":17,"column":30}},{"start":{"line":18,"column":12},"end":{"line":18,"column":64}}],"line":17},"1":{"loc":{"start":{"line":21,"column":12},"end":{"line":25,"column":17}},"type":"binary-expr","locations":[{"start":{"line":21,"column":12},"end":{"line":21,"column":30}},{"start":{"line":22,"column":12},"end":{"line":25,"column":17}}],"line":21}},"s":{"0":1,"1":3,"2":1,"3":1,"4":1},"f":{"0":3,"1":1},"b":{"0":[3,1],"1":[3,1]},"_coverageSchema":"332fd63041d2c1bcb487cc26dd0d5f7d97098a6c","hash":"7e898d6c5a215622f3a2a6377a1faffba6976b1c"}
,"/Users/sccofield/Desktop/moreRecipes/client/src/components/review/Review.jsx": {"path":"/Users/sccofield/Desktop/moreRecipes/client/src/components/review/Review.jsx","statementMap":{"0":{"start":{"line":22,"column":4},"end":{"line":22,"column":17}},"1":{"start":{"line":23,"column":4},"end":{"line":25,"column":6}},"2":{"start":{"line":27,"column":4},"end":{"line":27,"column":45}},"3":{"start":{"line":28,"column":4},"end":{"line":28,"column":45}},"4":{"start":{"line":38,"column":4},"end":{"line":42,"column":5}},"5":{"start":{"line":39,"column":6},"end":{"line":41,"column":9}},"6":{"start":{"line":52,"column":4},"end":{"line":54,"column":7}},"7":{"start":{"line":64,"column":4},"end":{"line":64,"column":27}},"8":{"start":{"line":69,"column":4},"end":{"line":69,"column":71}},"9":{"start":{"line":70,"column":4},"end":{"line":70,"column":25}},"10":{"start":{"line":82,"column":4},"end":{"line":143,"column":6}},"11":{"start":{"line":125,"column":14},"end":{"line":135,"column":20}},"12":{"start":{"line":147,"column":0},"end":{"line":152,"column":2}},"13":{"start":{"line":154,"column":0},"end":{"line":156,"column":2}},"14":{"start":{"line":157,"column":31},"end":{"line":160,"column":2}},"15":{"start":{"line":157,"column":41},"end":{"line":160,"column":1}},"16":{"start":{"line":162,"column":34},"end":{"line":163,"column":58}},"17":{"start":{"line":163,"column":2},"end":{"line":163,"column":58}}},"fnMap":{"0":{"name":"(anonymous_0)","decl":{"start":{"line":21,"column":2},"end":{"line":21,"column":3}},"loc":{"start":{"line":21,"column":21},"end":{"line":29,"column":3}},"line":21},"1":{"name":"(anonymous_1)","decl":{"start":{"line":37,"column":2},"end":{"line":37,"column":3}},"loc":{"start":{"line":37,"column":39},"end":{"line":43,"column":3}},"line":37},"2":{"name":"(anonymous_2)","decl":{"start":{"line":51,"column":2},"end":{"line":51,"column":3}},"loc":{"start":{"line":51,"column":18},"end":{"line":55,"column":3}},"line":51},"3":{"name":"(anonymous_3)","decl":{"start":{"line":63,"column":2},"end":{"line":63,"column":3}},"loc":{"start":{"line":63,"column":18},"end":{"line":72,"column":3}},"line":63},"4":{"name":"(anonymous_4)","decl":{"start":{"line":81,"column":2},"end":{"line":81,"column":3}},"loc":{"start":{"line":81,"column":11},"end":{"line":144,"column":3}},"line":81},"5":{"name":"(anonymous_5)","decl":{"start":{"line":124,"column":55},"end":{"line":124,"column":56}},"loc":{"start":{"line":125,"column":14},"end":{"line":135,"column":20}},"line":125},"6":{"name":"(anonymous_6)","decl":{"start":{"line":157,"column":31},"end":{"line":157,"column":32}},"loc":{"start":{"line":157,"column":41},"end":{"line":160,"column":1}},"line":157},"7":{"name":"(anonymous_7)","decl":{"start":{"line":162,"column":34},"end":{"line":162,"column":35}},"loc":{"start":{"line":163,"column":2},"end":{"line":163,"column":58}},"line":163}},"branchMap":{"0":{"loc":{"start":{"line":38,"column":4},"end":{"line":42,"column":5}},"type":"if","locations":[{"start":{"line":38,"column":4},"end":{"line":42,"column":5}},{"start":{"line":38,"column":4},"end":{"line":42,"column":5}}],"line":38},"1":{"loc":{"start":{"line":88,"column":12},"end":{"line":108,"column":19}},"type":"binary-expr","locations":[{"start":{"line":88,"column":12},"end":{"line":88,"column":38}},{"start":{"line":89,"column":12},"end":{"line":108,"column":19}}],"line":88},"2":{"loc":{"start":{"line":111,"column":12},"end":{"line":116,"column":16}},"type":"binary-expr","locations":[{"start":{"line":111,"column":12},"end":{"line":111,"column":39}},{"start":{"line":113,"column":12},"end":{"line":116,"column":16}}],"line":111},"3":{"loc":{"start":{"line":121,"column":10},"end":{"line":137,"column":16}},"type":"binary-expr","locations":[{"start":{"line":121,"column":10},"end":{"line":121,"column":39}},{"start":{"line":122,"column":10},"end":{"line":137,"column":16}}],"line":121}},"s":{"0":2,"1":2,"2":2,"3":2,"4":0,"5":0,"6":1,"7":0,"8":0,"9":0,"10":3,"11":0,"12":2,"13":2,"14":2,"15":1,"16":2,"17":2},"f":{"0":2,"1":0,"2":1,"3":0,"4":3,"5":0,"6":1,"7":2},"b":{"0":[0,0],"1":[3,3],"2":[3,0],"3":[3,0]},"_coverageSchema":"332fd63041d2c1bcb487cc26dd0d5f7d97098a6c","hash":"3340b2e7652af622627dfb1fe14d4152638ef7e6"}
,"/Users/sccofield/Desktop/moreRecipes/client/src/reducers/recipe.js": {"path":"/Users/sccofield/Desktop/moreRecipes/client/src/reducers/recipe.js","statementMap":{"0":{"start":{"line":20,"column":4},"end":{"line":20,"column":15}},"1":{"start":{"line":22,"column":28},"end":{"line":47,"column":1}},"2":{"start":{"line":51,"column":2},"end":{"line":196,"column":3}},"3":{"start":{"line":53,"column":4},"end":{"line":56,"column":6}},"4":{"start":{"line":58,"column":4},"end":{"line":62,"column":6}},"5":{"start":{"line":65,"column":4},"end":{"line":68,"column":6}},"6":{"start":{"line":71,"column":4},"end":{"line":74,"column":6}},"7":{"start":{"line":77,"column":4},"end":{"line":81,"column":6}},"8":{"start":{"line":84,"column":4},"end":{"line":88,"column":6}},"9":{"start":{"line":91,"column":4},"end":{"line":94,"column":6}},"10":{"start":{"line":97,"column":4},"end":{"line":103,"column":6}},"11":{"start":{"line":106,"column":4},"end":{"line":110,"column":6}},"12":{"start":{"line":113,"column":4},"end":{"line":116,"column":6}},"13":{"start":{"line":119,"column":4},"end":{"line":126,"column":6}},"14":{"start":{"line":122,"column":41},"end":{"line":125,"column":35}},"15":{"start":{"line":129,"column":4},"end":{"line":138,"column":6}},"16":{"start":{"line":140,"column":4},"end":{"line":147,"column":6}},"17":{"start":{"line":145,"column":51},"end":{"line":145,"column":79}},"18":{"start":{"line":149,"column":4},"end":{"line":161,"column":6}},"19":{"start":{"line":159,"column":10},"end":{"line":159,"column":39}},"20":{"start":{"line":163,"column":4},"end":{"line":170,"column":6}},"21":{"start":{"line":168,"column":50},"end":{"line":168,"column":79}},"22":{"start":{"line":172,"column":4},"end":{"line":183,"column":6}},"23":{"start":{"line":181,"column":50},"end":{"line":181,"column":79}},"24":{"start":{"line":185,"column":4},"end":{"line":193,"column":6}},"25":{"start":{"line":191,"column":10},"end":{"line":191,"column":39}},"26":{"start":{"line":195,"column":4},"end":{"line":195,"column":17}}},"fnMap":{"0":{"name":"(anonymous_0)","decl":{"start":{"line":50,"column":15},"end":{"line":50,"column":16}},"loc":{"start":{"line":50,"column":54},"end":{"line":197,"column":1}},"line":50},"1":{"name":"(anonymous_1)","decl":{"start":{"line":122,"column":31},"end":{"line":122,"column":32}},"loc":{"start":{"line":122,"column":41},"end":{"line":125,"column":35}},"line":122},"2":{"name":"(anonymous_2)","decl":{"start":{"line":145,"column":44},"end":{"line":145,"column":45}},"loc":{"start":{"line":145,"column":51},"end":{"line":145,"column":79}},"line":145},"3":{"name":"(anonymous_3)","decl":{"start":{"line":158,"column":44},"end":{"line":158,"column":45}},"loc":{"start":{"line":159,"column":10},"end":{"line":159,"column":39}},"line":159},"4":{"name":"(anonymous_4)","decl":{"start":{"line":168,"column":42},"end":{"line":168,"column":43}},"loc":{"start":{"line":168,"column":50},"end":{"line":168,"column":79}},"line":168},"5":{"name":"(anonymous_5)","decl":{"start":{"line":181,"column":42},"end":{"line":181,"column":43}},"loc":{"start":{"line":181,"column":50},"end":{"line":181,"column":79}},"line":181},"6":{"name":"(anonymous_6)","decl":{"start":{"line":190,"column":44},"end":{"line":190,"column":45}},"loc":{"start":{"line":191,"column":10},"end":{"line":191,"column":39}},"line":191}},"branchMap":{"0":{"loc":{"start":{"line":50,"column":16},"end":{"line":50,"column":36}},"type":"default-arg","locations":[{"start":{"line":50,"column":24},"end":{"line":50,"column":36}}],"line":50},"1":{"loc":{"start":{"line":50,"column":38},"end":{"line":50,"column":49}},"type":"default-arg","locations":[{"start":{"line":50,"column":47},"end":{"line":50,"column":49}}],"line":50},"2":{"loc":{"start":{"line":51,"column":2},"end":{"line":196,"column":3}},"type":"switch","locations":[{"start":{"line":52,"column":2},"end":{"line":56,"column":6}},{"start":{"line":57,"column":2},"end":{"line":62,"column":6}},{"start":{"line":64,"column":2},"end":{"line":68,"column":6}},{"start":{"line":70,"column":2},"end":{"line":74,"column":6}},{"start":{"line":76,"column":2},"end":{"line":81,"column":6}},{"start":{"line":83,"column":2},"end":{"line":88,"column":6}},{"start":{"line":90,"column":2},"end":{"line":94,"column":6}},{"start":{"line":96,"column":2},"end":{"line":103,"column":6}},{"start":{"line":105,"column":2},"end":{"line":110,"column":6}},{"start":{"line":112,"column":2},"end":{"line":116,"column":6}},{"start":{"line":118,"column":2},"end":{"line":126,"column":6}},{"start":{"line":128,"column":2},"end":{"line":138,"column":6}},{"start":{"line":139,"column":2},"end":{"line":147,"column":6}},{"start":{"line":148,"column":2},"end":{"line":161,"column":6}},{"start":{"line":162,"column":2},"end":{"line":170,"column":6}},{"start":{"line":171,"column":2},"end":{"line":183,"column":6}},{"start":{"line":184,"column":2},"end":{"line":193,"column":6}},{"start":{"line":194,"column":2},"end":{"line":195,"column":17}}],"line":51},"3":{"loc":{"start":{"line":134,"column":13},"end":{"line":134,"column":47}},"type":"binary-expr","locations":[{"start":{"line":134,"column":13},"end":{"line":134,"column":41}},{"start":{"line":134,"column":45},"end":{"line":134,"column":47}}],"line":134}},"s":{"0":1,"1":1,"2":18,"3":1,"4":1,"5":1,"6":1,"7":1,"8":1,"9":1,"10":1,"11":1,"12":1,"13":1,"14":2,"15":1,"16":1,"17":2,"18":1,"19":0,"20":1,"21":2,"22":1,"23":0,"24":1,"25":2,"26":1},"f":{"0":18,"1":2,"2":2,"3":0,"4":2,"5":0,"6":2},"b":{"0":[0],"1":[1],"2":[1,1,1,1,1,1,1,1,1,1,1,1,1,1,1,1,1,1],"3":[1,0]},"_coverageSchema":"332fd63041d2c1bcb487cc26dd0d5f7d97098a6c","hash":"4e0628ff654e36e33820b1bf66cdc0a5bcf8eb1f"}
,"/Users/sccofield/Desktop/moreRecipes/client/src/reducers/user.js": {"path":"/Users/sccofield/Desktop/moreRecipes/client/src/reducers/user.js","statementMap":{"0":{"start":{"line":5,"column":4},"end":{"line":5,"column":15}},"1":{"start":{"line":7,"column":21},"end":{"line":11,"column":1}},"2":{"start":{"line":14,"column":2},"end":{"line":56,"column":3}},"3":{"start":{"line":17,"column":4},"end":{"line":22,"column":6}},"4":{"start":{"line":24,"column":4},"end":{"line":29,"column":6}},"5":{"start":{"line":31,"column":4},"end":{"line":36,"column":6}},"6":{"start":{"line":39,"column":4},"end":{"line":44,"column":6}},"7":{"start":{"line":46,"column":4},"end":{"line":51,"column":6}},"8":{"start":{"line":55,"column":4},"end":{"line":55,"column":17}}},"fnMap":{"0":{"name":"(anonymous_0)","decl":{"start":{"line":13,"column":15},"end":{"line":13,"column":16}},"loc":{"start":{"line":13,"column":54},"end":{"line":57,"column":1}},"line":13}},"branchMap":{"0":{"loc":{"start":{"line":9,"column":8},"end":{"line":9,"column":54}},"type":"binary-expr","locations":[{"start":{"line":9,"column":8},"end":{"line":9,"column":48}},{"start":{"line":9,"column":52},"end":{"line":9,"column":54}}],"line":9},"1":{"loc":{"start":{"line":13,"column":16},"end":{"line":13,"column":36}},"type":"default-arg","locations":[{"start":{"line":13,"column":24},"end":{"line":13,"column":36}}],"line":13},"2":{"loc":{"start":{"line":13,"column":38},"end":{"line":13,"column":49}},"type":"default-arg","locations":[{"start":{"line":13,"column":47},"end":{"line":13,"column":49}}],"line":13},"3":{"loc":{"start":{"line":14,"column":2},"end":{"line":56,"column":3}},"type":"switch","locations":[{"start":{"line":15,"column":2},"end":{"line":22,"column":6}},{"start":{"line":23,"column":2},"end":{"line":29,"column":6}},{"start":{"line":30,"column":2},"end":{"line":36,"column":6}},{"start":{"line":38,"column":2},"end":{"line":44,"column":6}},{"start":{"line":45,"column":2},"end":{"line":51,"column":6}},{"start":{"line":54,"column":2},"end":{"line":55,"column":17}}],"line":14}},"s":{"0":1,"1":1,"2":6,"3":1,"4":1,"5":1,"6":1,"7":1,"8":1},"f":{"0":6},"b":{"0":[1,1],"1":[0],"2":[1],"3":[1,1,1,1,1,1]},"_coverageSchema":"332fd63041d2c1bcb487cc26dd0d5f7d97098a6c","hash":"a0aeeb82fcd031074d2b25bd4a10f123a5966826"}
}
