{"/Users/sccofield/Desktop/moreRecipes/client/src/actions/actionTypes.js": {"path":"/Users/sccofield/Desktop/moreRecipes/client/src/actions/actionTypes.js","statementMap":{},"fnMap":{},"branchMap":{},"s":{},"f":{},"b":{},"_coverageSchema":"332fd63041d2c1bcb487cc26dd0d5f7d97098a6c","hash":"fad877f42b9118b389436806c008e8dad0ec22cd"}
,"/Users/sccofield/Desktop/moreRecipes/client/src/actions/login.js": {"path":"/Users/sccofield/Desktop/moreRecipes/client/src/actions/login.js","statementMap":{"0":{"start":{"line":4,"column":30},"end":{"line":4,"column":41}},"1":{"start":{"line":7,"column":31},"end":{"line":10,"column":2}},"2":{"start":{"line":7,"column":40},"end":{"line":10,"column":1}},"3":{"start":{"line":12,"column":25},"end":{"line":16,"column":2}},"4":{"start":{"line":12,"column":37},"end":{"line":16,"column":1}},"5":{"start":{"line":18,"column":37},"end":{"line":20,"column":2}},"6":{"start":{"line":18,"column":44},"end":{"line":20,"column":1}},"7":{"start":{"line":22,"column":31},"end":{"line":37,"column":1}},"8":{"start":{"line":22,"column":39},"end":{"line":37,"column":1}},"9":{"start":{"line":23,"column":2},"end":{"line":23,"column":36}},"10":{"start":{"line":24,"column":2},"end":{"line":36,"column":7}},"11":{"start":{"line":27,"column":30},"end":{"line":27,"column":38}},"12":{"start":{"line":28,"column":6},"end":{"line":28,"column":43}},"13":{"start":{"line":29,"column":6},"end":{"line":29,"column":57}},"14":{"start":{"line":30,"column":6},"end":{"line":30,"column":38}},"15":{"start":{"line":34,"column":26},"end":{"line":34,"column":45}},"16":{"start":{"line":35,"column":6},"end":{"line":35,"column":35}}},"fnMap":{"0":{"name":"(anonymous_0)","decl":{"start":{"line":7,"column":31},"end":{"line":7,"column":32}},"loc":{"start":{"line":7,"column":40},"end":{"line":10,"column":1}},"line":7},"1":{"name":"(anonymous_1)","decl":{"start":{"line":12,"column":25},"end":{"line":12,"column":26}},"loc":{"start":{"line":12,"column":37},"end":{"line":16,"column":1}},"line":12},"2":{"name":"(anonymous_2)","decl":{"start":{"line":18,"column":37},"end":{"line":18,"column":38}},"loc":{"start":{"line":18,"column":44},"end":{"line":20,"column":1}},"line":18},"3":{"name":"(anonymous_3)","decl":{"start":{"line":22,"column":31},"end":{"line":22,"column":32}},"loc":{"start":{"line":22,"column":39},"end":{"line":37,"column":1}},"line":22},"4":{"name":"(anonymous_4)","decl":{"start":{"line":22,"column":39},"end":{"line":22,"column":40}},"loc":{"start":{"line":22,"column":53},"end":{"line":37,"column":1}},"line":22},"5":{"name":"(anonymous_5)","decl":{"start":{"line":26,"column":10},"end":{"line":26,"column":11}},"loc":{"start":{"line":26,"column":19},"end":{"line":32,"column":5}},"line":26},"6":{"name":"(anonymous_6)","decl":{"start":{"line":33,"column":11},"end":{"line":33,"column":12}},"loc":{"start":{"line":33,"column":22},"end":{"line":36,"column":5}},"line":33}},"branchMap":{},"s":{"0":1,"1":1,"2":1,"3":1,"4":0,"5":1,"6":1,"7":1,"8":1,"9":1,"10":1,"11":1,"12":1,"13":1,"14":1,"15":0,"16":0},"f":{"0":1,"1":0,"2":1,"3":1,"4":1,"5":1,"6":0},"b":{},"_coverageSchema":"332fd63041d2c1bcb487cc26dd0d5f7d97098a6c","hash":"481359e06a45cae9bbadad7afb065695e94c47bb"}
,"/Users/sccofield/Desktop/moreRecipes/client/src/actions/logout.js": {"path":"/Users/sccofield/Desktop/moreRecipes/client/src/actions/logout.js","statementMap":{"0":{"start":{"line":4,"column":19},"end":{"line":4,"column":30}},"1":{"start":{"line":6,"column":32},"end":{"line":8,"column":2}},"2":{"start":{"line":6,"column":39},"end":{"line":8,"column":1}},"3":{"start":{"line":10,"column":32},"end":{"line":15,"column":1}},"4":{"start":{"line":10,"column":38},"end":{"line":15,"column":1}},"5":{"start":{"line":11,"column":2},"end":{"line":11,"column":35}},"6":{"start":{"line":12,"column":2},"end":{"line":12,"column":34}},"7":{"start":{"line":13,"column":2},"end":{"line":13,"column":31}},"8":{"start":{"line":14,"column":2},"end":{"line":14,"column":49}}},"fnMap":{"0":{"name":"(anonymous_0)","decl":{"start":{"line":6,"column":32},"end":{"line":6,"column":33}},"loc":{"start":{"line":6,"column":39},"end":{"line":8,"column":1}},"line":6},"1":{"name":"(anonymous_1)","decl":{"start":{"line":10,"column":32},"end":{"line":10,"column":33}},"loc":{"start":{"line":10,"column":38},"end":{"line":15,"column":1}},"line":10},"2":{"name":"(anonymous_2)","decl":{"start":{"line":10,"column":38},"end":{"line":10,"column":39}},"loc":{"start":{"line":10,"column":52},"end":{"line":15,"column":1}},"line":10}},"branchMap":{},"s":{"0":1,"1":1,"2":1,"3":1,"4":1,"5":1,"6":1,"7":1,"8":1},"f":{"0":1,"1":1,"2":1},"b":{},"_coverageSchema":"332fd63041d2c1bcb487cc26dd0d5f7d97098a6c","hash":"534e51be252830be368fe333030af710746c42e3"}
,"/Users/sccofield/Desktop/moreRecipes/client/src/actions/register.js": {"path":"/Users/sccofield/Desktop/moreRecipes/client/src/actions/register.js","statementMap":{"0":{"start":{"line":4,"column":33},"end":{"line":4,"column":44}},"1":{"start":{"line":7,"column":34},"end":{"line":11,"column":2}},"2":{"start":{"line":7,"column":52},"end":{"line":11,"column":1}},"3":{"start":{"line":13,"column":25},"end":{"line":17,"column":2}},"4":{"start":{"line":13,"column":37},"end":{"line":17,"column":1}},"5":{"start":{"line":19,"column":34},"end":{"line":32,"column":4}},"6":{"start":{"line":19,"column":42},"end":{"line":32,"column":4}},"7":{"start":{"line":19,"column":54},"end":{"line":32,"column":4}},"8":{"start":{"line":22,"column":28},"end":{"line":22,"column":36}},"9":{"start":{"line":23,"column":4},"end":{"line":23,"column":41}},"10":{"start":{"line":24,"column":4},"end":{"line":24,"column":55}},"11":{"start":{"line":25,"column":4},"end":{"line":25,"column":46}},"12":{"start":{"line":26,"column":4},"end":{"line":26,"column":32}},"13":{"start":{"line":29,"column":24},"end":{"line":29,"column":43}},"14":{"start":{"line":30,"column":4},"end":{"line":30,"column":33}},"15":{"start":{"line":31,"column":4},"end":{"line":31,"column":33}}},"fnMap":{"0":{"name":"(anonymous_0)","decl":{"start":{"line":7,"column":34},"end":{"line":7,"column":35}},"loc":{"start":{"line":7,"column":52},"end":{"line":11,"column":1}},"line":7},"1":{"name":"(anonymous_1)","decl":{"start":{"line":13,"column":25},"end":{"line":13,"column":26}},"loc":{"start":{"line":13,"column":37},"end":{"line":17,"column":1}},"line":13},"2":{"name":"(anonymous_2)","decl":{"start":{"line":19,"column":34},"end":{"line":19,"column":35}},"loc":{"start":{"line":19,"column":42},"end":{"line":32,"column":4}},"line":19},"3":{"name":"(anonymous_3)","decl":{"start":{"line":19,"column":42},"end":{"line":19,"column":43}},"loc":{"start":{"line":19,"column":54},"end":{"line":32,"column":4}},"line":19},"4":{"name":"(anonymous_4)","decl":{"start":{"line":21,"column":8},"end":{"line":21,"column":9}},"loc":{"start":{"line":21,"column":17},"end":{"line":27,"column":3}},"line":21},"5":{"name":"(anonymous_5)","decl":{"start":{"line":28,"column":9},"end":{"line":28,"column":10}},"loc":{"start":{"line":28,"column":20},"end":{"line":32,"column":3}},"line":28}},"branchMap":{},"s":{"0":1,"1":1,"2":1,"3":1,"4":1,"5":1,"6":2,"7":2,"8":1,"9":1,"10":1,"11":1,"12":1,"13":1,"14":1,"15":1},"f":{"0":1,"1":1,"2":2,"3":2,"4":1,"5":1},"b":{},"_coverageSchema":"332fd63041d2c1bcb487cc26dd0d5f7d97098a6c","hash":"cb1d5bc4bed8632ba3696e2c9fe7710c48bdf48f"}
,"/Users/sccofield/Desktop/moreRecipes/client/src/reducers/recipe.js": {"path":"/Users/sccofield/Desktop/moreRecipes/client/src/reducers/recipe.js","statementMap":{"0":{"start":{"line":20,"column":4},"end":{"line":20,"column":15}},"1":{"start":{"line":22,"column":28},"end":{"line":47,"column":1}},"2":{"start":{"line":51,"column":2},"end":{"line":196,"column":3}},"3":{"start":{"line":53,"column":4},"end":{"line":56,"column":6}},"4":{"start":{"line":58,"column":4},"end":{"line":62,"column":6}},"5":{"start":{"line":65,"column":4},"end":{"line":68,"column":6}},"6":{"start":{"line":71,"column":4},"end":{"line":74,"column":6}},"7":{"start":{"line":77,"column":4},"end":{"line":81,"column":6}},"8":{"start":{"line":84,"column":4},"end":{"line":88,"column":6}},"9":{"start":{"line":91,"column":4},"end":{"line":94,"column":6}},"10":{"start":{"line":97,"column":4},"end":{"line":103,"column":6}},"11":{"start":{"line":106,"column":4},"end":{"line":110,"column":6}},"12":{"start":{"line":113,"column":4},"end":{"line":116,"column":6}},"13":{"start":{"line":119,"column":4},"end":{"line":126,"column":6}},"14":{"start":{"line":122,"column":41},"end":{"line":125,"column":35}},"15":{"start":{"line":129,"column":4},"end":{"line":138,"column":6}},"16":{"start":{"line":140,"column":4},"end":{"line":147,"column":6}},"17":{"start":{"line":145,"column":51},"end":{"line":145,"column":79}},"18":{"start":{"line":149,"column":4},"end":{"line":161,"column":6}},"19":{"start":{"line":159,"column":10},"end":{"line":159,"column":39}},"20":{"start":{"line":163,"column":4},"end":{"line":170,"column":6}},"21":{"start":{"line":168,"column":50},"end":{"line":168,"column":79}},"22":{"start":{"line":172,"column":4},"end":{"line":183,"column":6}},"23":{"start":{"line":181,"column":50},"end":{"line":181,"column":79}},"24":{"start":{"line":185,"column":4},"end":{"line":193,"column":6}},"25":{"start":{"line":191,"column":10},"end":{"line":191,"column":39}},"26":{"start":{"line":195,"column":4},"end":{"line":195,"column":17}}},"fnMap":{"0":{"name":"(anonymous_0)","decl":{"start":{"line":50,"column":15},"end":{"line":50,"column":16}},"loc":{"start":{"line":50,"column":54},"end":{"line":197,"column":1}},"line":50},"1":{"name":"(anonymous_1)","decl":{"start":{"line":122,"column":31},"end":{"line":122,"column":32}},"loc":{"start":{"line":122,"column":41},"end":{"line":125,"column":35}},"line":122},"2":{"name":"(anonymous_2)","decl":{"start":{"line":145,"column":44},"end":{"line":145,"column":45}},"loc":{"start":{"line":145,"column":51},"end":{"line":145,"column":79}},"line":145},"3":{"name":"(anonymous_3)","decl":{"start":{"line":158,"column":44},"end":{"line":158,"column":45}},"loc":{"start":{"line":159,"column":10},"end":{"line":159,"column":39}},"line":159},"4":{"name":"(anonymous_4)","decl":{"start":{"line":168,"column":42},"end":{"line":168,"column":43}},"loc":{"start":{"line":168,"column":50},"end":{"line":168,"column":79}},"line":168},"5":{"name":"(anonymous_5)","decl":{"start":{"line":181,"column":42},"end":{"line":181,"column":43}},"loc":{"start":{"line":181,"column":50},"end":{"line":181,"column":79}},"line":181},"6":{"name":"(anonymous_6)","decl":{"start":{"line":190,"column":44},"end":{"line":190,"column":45}},"loc":{"start":{"line":191,"column":10},"end":{"line":191,"column":39}},"line":191}},"branchMap":{"0":{"loc":{"start":{"line":50,"column":16},"end":{"line":50,"column":36}},"type":"default-arg","locations":[{"start":{"line":50,"column":24},"end":{"line":50,"column":36}}],"line":50},"1":{"loc":{"start":{"line":50,"column":38},"end":{"line":50,"column":49}},"type":"default-arg","locations":[{"start":{"line":50,"column":47},"end":{"line":50,"column":49}}],"line":50},"2":{"loc":{"start":{"line":51,"column":2},"end":{"line":196,"column":3}},"type":"switch","locations":[{"start":{"line":52,"column":2},"end":{"line":56,"column":6}},{"start":{"line":57,"column":2},"end":{"line":62,"column":6}},{"start":{"line":64,"column":2},"end":{"line":68,"column":6}},{"start":{"line":70,"column":2},"end":{"line":74,"column":6}},{"start":{"line":76,"column":2},"end":{"line":81,"column":6}},{"start":{"line":83,"column":2},"end":{"line":88,"column":6}},{"start":{"line":90,"column":2},"end":{"line":94,"column":6}},{"start":{"line":96,"column":2},"end":{"line":103,"column":6}},{"start":{"line":105,"column":2},"end":{"line":110,"column":6}},{"start":{"line":112,"column":2},"end":{"line":116,"column":6}},{"start":{"line":118,"column":2},"end":{"line":126,"column":6}},{"start":{"line":128,"column":2},"end":{"line":138,"column":6}},{"start":{"line":139,"column":2},"end":{"line":147,"column":6}},{"start":{"line":148,"column":2},"end":{"line":161,"column":6}},{"start":{"line":162,"column":2},"end":{"line":170,"column":6}},{"start":{"line":171,"column":2},"end":{"line":183,"column":6}},{"start":{"line":184,"column":2},"end":{"line":193,"column":6}},{"start":{"line":194,"column":2},"end":{"line":195,"column":17}}],"line":51},"3":{"loc":{"start":{"line":134,"column":13},"end":{"line":134,"column":47}},"type":"binary-expr","locations":[{"start":{"line":134,"column":13},"end":{"line":134,"column":41}},{"start":{"line":134,"column":45},"end":{"line":134,"column":47}}],"line":134}},"s":{"0":1,"1":1,"2":18,"3":1,"4":1,"5":1,"6":1,"7":1,"8":1,"9":1,"10":1,"11":1,"12":1,"13":1,"14":2,"15":1,"16":1,"17":2,"18":1,"19":0,"20":1,"21":2,"22":1,"23":0,"24":1,"25":2,"26":1},"f":{"0":18,"1":2,"2":2,"3":0,"4":2,"5":0,"6":2},"b":{"0":[0],"1":[1],"2":[1,1,1,1,1,1,1,1,1,1,1,1,1,1,1,1,1,1],"3":[1,0]},"_coverageSchema":"332fd63041d2c1bcb487cc26dd0d5f7d97098a6c","hash":"4e0628ff654e36e33820b1bf66cdc0a5bcf8eb1f"}
,"/Users/sccofield/Desktop/moreRecipes/client/src/reducers/user.js": {"path":"/Users/sccofield/Desktop/moreRecipes/client/src/reducers/user.js","statementMap":{"0":{"start":{"line":5,"column":4},"end":{"line":5,"column":15}},"1":{"start":{"line":7,"column":28},"end":{"line":11,"column":1}},"2":{"start":{"line":14,"column":2},"end":{"line":56,"column":3}},"3":{"start":{"line":17,"column":4},"end":{"line":22,"column":6}},"4":{"start":{"line":24,"column":4},"end":{"line":29,"column":6}},"5":{"start":{"line":31,"column":4},"end":{"line":36,"column":6}},"6":{"start":{"line":39,"column":4},"end":{"line":44,"column":6}},"7":{"start":{"line":46,"column":4},"end":{"line":51,"column":6}},"8":{"start":{"line":55,"column":4},"end":{"line":55,"column":17}}},"fnMap":{"0":{"name":"(anonymous_0)","decl":{"start":{"line":13,"column":15},"end":{"line":13,"column":16}},"loc":{"start":{"line":13,"column":54},"end":{"line":57,"column":1}},"line":13}},"branchMap":{"0":{"loc":{"start":{"line":9,"column":8},"end":{"line":9,"column":54}},"type":"binary-expr","locations":[{"start":{"line":9,"column":8},"end":{"line":9,"column":48}},{"start":{"line":9,"column":52},"end":{"line":9,"column":54}}],"line":9},"1":{"loc":{"start":{"line":13,"column":16},"end":{"line":13,"column":36}},"type":"default-arg","locations":[{"start":{"line":13,"column":24},"end":{"line":13,"column":36}}],"line":13},"2":{"loc":{"start":{"line":13,"column":38},"end":{"line":13,"column":49}},"type":"default-arg","locations":[{"start":{"line":13,"column":47},"end":{"line":13,"column":49}}],"line":13},"3":{"loc":{"start":{"line":14,"column":2},"end":{"line":56,"column":3}},"type":"switch","locations":[{"start":{"line":15,"column":2},"end":{"line":22,"column":6}},{"start":{"line":23,"column":2},"end":{"line":29,"column":6}},{"start":{"line":30,"column":2},"end":{"line":36,"column":6}},{"start":{"line":38,"column":2},"end":{"line":44,"column":6}},{"start":{"line":45,"column":2},"end":{"line":51,"column":6}},{"start":{"line":54,"column":2},"end":{"line":55,"column":17}}],"line":14}},"s":{"0":1,"1":1,"2":6,"3":1,"4":1,"5":1,"6":1,"7":1,"8":1},"f":{"0":6},"b":{"0":[1,0],"1":[0],"2":[1],"3":[1,1,1,1,1,1]},"_coverageSchema":"332fd63041d2c1bcb487cc26dd0d5f7d97098a6c","hash":"f8c00c28ea17bbed376ef62369166a2f0e52f2d9"}
}
