TN:
SF:/Users/sccofield/Desktop/moreRecipes/setupTest.js
FN:12,(anonymous_0)
FN:16,(anonymous_1)
FN:20,(anonymous_2)
FN:26,(anonymous_3)
FN:27,(anonymous_4)
FNF:5
FNH:3
FNDA:2,(anonymous_0)
FNDA:0,(anonymous_1)
FNDA:0,(anonymous_2)
FNDA:1,(anonymous_3)
FNDA:21,(anonymous_4)
DA:4,21
DA:6,21
DA:7,21
DA:9,21
DA:11,21
DA:13,2
DA:17,0
DA:21,0
DA:25,21
DA:26,1
DA:27,21
LF:11
LH:9
BRF:0
BRH:0
end_of_record
TN:
SF:/Users/sccofield/Desktop/moreRecipes/client/src/actions/actionTypes.js
FNF:0
FNH:0
LF:0
LH:0
BRF:0
BRH:0
end_of_record
TN:
SF:/Users/sccofield/Desktop/moreRecipes/client/src/actions/addReview.js
FN:9,(anonymous_0)
FN:14,(anonymous_1)
FN:14,(anonymous_2)
FN:20,(anonymous_3)
FN:25,(anonymous_4)
FNF:5
FNH:5
FNDA:1,(anonymous_0)
FNDA:3,(anonymous_1)
FNDA:2,(anonymous_2)
FNDA:1,(anonymous_3)
FNDA:1,(anonymous_4)
DA:6,3
DA:9,3
DA:14,3
DA:21,1
DA:22,1
DA:23,1
DA:26,1
DA:27,0
LF:8
LH:7
BRF:0
BRH:0
end_of_record
TN:
SF:/Users/sccofield/Desktop/moreRecipes/client/src/actions/deleteRecipe.js
FN:6,(anonymous_0)
FN:11,(anonymous_1)
FN:11,(anonymous_2)
FN:16,(anonymous_3)
FNF:4
FNH:4
FNDA:1,(anonymous_0)
FNDA:1,(anonymous_1)
FNDA:1,(anonymous_2)
FNDA:1,(anonymous_3)
DA:4,1
DA:6,1
DA:11,1
DA:17,1
LF:4
LH:4
BRF:0
BRH:0
end_of_record
TN:
SF:/Users/sccofield/Desktop/moreRecipes/client/src/actions/downvote.js
FN:7,(anonymous_0)
FN:12,(anonymous_1)
FN:16,(anonymous_2)
FN:16,(anonymous_3)
FN:22,(anonymous_4)
FN:34,(anonymous_5)
FNF:6
FNH:1
FNDA:0,(anonymous_0)
FNDA:0,(anonymous_1)
FNDA:1,(anonymous_2)
FNDA:0,(anonymous_3)
FNDA:0,(anonymous_4)
FNDA:0,(anonymous_5)
DA:5,2
DA:7,2
DA:12,2
DA:16,2
DA:23,0
DA:24,0
DA:25,0
DA:26,0
DA:28,0
DA:32,0
DA:35,0
DA:36,0
DA:37,0
LF:13
LH:4
BRDA:24,0,0,0
BRDA:24,0,1,0
BRF:2
BRH:0
end_of_record
TN:
SF:/Users/sccofield/Desktop/moreRecipes/client/src/actions/editRecipe.js
FN:8,(anonymous_0)
FN:13,(anonymous_1)
FN:18,(anonymous_2)
FN:18,(anonymous_3)
FN:20,(anonymous_4)
FN:25,(anonymous_5)
FN:25,(anonymous_6)
FN:31,(anonymous_7)
FN:34,(anonymous_8)
FNF:9
FNH:8
FNDA:1,(anonymous_0)
FNDA:1,(anonymous_1)
FNDA:1,(anonymous_2)
FNDA:1,(anonymous_3)
FNDA:1,(anonymous_4)
FNDA:1,(anonymous_5)
FNDA:1,(anonymous_6)
FNDA:1,(anonymous_7)
FNDA:0,(anonymous_8)
DA:6,1
DA:8,1
DA:13,1
DA:18,1
DA:21,1
DA:22,1
DA:25,1
DA:32,1
DA:33,1
DA:35,0
DA:36,0
LF:11
LH:9
BRF:0
BRH:0
end_of_record
TN:
SF:/Users/sccofield/Desktop/moreRecipes/client/src/actions/favourite.js
FN:7,(anonymous_0)
FN:11,(anonymous_1)
FN:15,(anonymous_2)
FN:21,(anonymous_3)
FN:21,(anonymous_4)
FN:29,(anonymous_5)
FN:37,(anonymous_6)
FN:37,(anonymous_7)
FN:42,(anonymous_8)
FN:54,(anonymous_9)
FNF:10
FNH:1
FNDA:0,(anonymous_0)
FNDA:0,(anonymous_1)
FNDA:0,(anonymous_2)
FNDA:0,(anonymous_3)
FNDA:0,(anonymous_4)
FNDA:0,(anonymous_5)
FNDA:1,(anonymous_6)
FNDA:0,(anonymous_7)
FNDA:0,(anonymous_8)
FNDA:0,(anonymous_9)
DA:5,2
DA:7,2
DA:11,2
DA:15,2
DA:21,2
DA:22,0
DA:23,0
DA:24,0
DA:27,0
DA:30,0
DA:32,0
DA:37,2
DA:43,0
DA:44,0
DA:45,0
DA:46,0
DA:48,0
DA:52,0
DA:55,0
DA:56,0
DA:57,0
LF:21
LH:6
BRDA:23,0,0,0
BRDA:23,0,1,0
BRDA:44,1,0,0
BRDA:44,1,1,0
BRF:4
BRH:0
end_of_record
TN:
SF:/Users/sccofield/Desktop/moreRecipes/client/src/actions/login.js
FN:7,(anonymous_0)
FN:12,(anonymous_1)
FN:18,(anonymous_2)
FN:22,(anonymous_3)
FN:22,(anonymous_4)
FN:26,(anonymous_5)
FN:33,(anonymous_6)
FNF:7
FNH:7
FNDA:1,(anonymous_0)
FNDA:1,(anonymous_1)
FNDA:2,(anonymous_2)
FNDA:2,(anonymous_3)
FNDA:2,(anonymous_4)
FNDA:1,(anonymous_5)
FNDA:1,(anonymous_6)
DA:4,1
DA:7,1
DA:12,1
DA:18,2
DA:22,2
DA:23,2
DA:24,2
DA:27,1
DA:28,1
DA:29,1
DA:30,1
DA:34,1
DA:35,1
LF:13
LH:13
BRF:0
BRH:0
end_of_record
TN:
SF:/Users/sccofield/Desktop/moreRecipes/client/src/actions/logout.js
FN:6,(anonymous_0)
FN:10,(anonymous_1)
FN:10,(anonymous_2)
FNF:3
FNH:3
FNDA:1,(anonymous_0)
FNDA:2,(anonymous_1)
FNDA:1,(anonymous_2)
DA:4,5
DA:6,5
DA:10,5
DA:11,1
DA:12,1
DA:13,1
DA:14,1
LF:7
LH:7
BRF:0
BRH:0
end_of_record
TN:
SF:/Users/sccofield/Desktop/moreRecipes/client/src/actions/postRecipe.js
FN:6,(anonymous_0)
FN:11,(anonymous_1)
FN:15,(anonymous_2)
FN:15,(anonymous_3)
FN:20,(anonymous_4)
FN:23,(anonymous_5)
FNF:6
FNH:1
FNDA:0,(anonymous_0)
FNDA:0,(anonymous_1)
FNDA:1,(anonymous_2)
FNDA:0,(anonymous_3)
FNDA:0,(anonymous_4)
FNDA:0,(anonymous_5)
DA:4,2
DA:6,2
DA:11,2
DA:15,2
DA:21,0
DA:22,0
DA:24,0
LF:7
LH:4
BRF:0
BRH:0
end_of_record
TN:
SF:/Users/sccofield/Desktop/moreRecipes/client/src/actions/register.js
FN:7,(anonymous_0)
FN:13,(anonymous_1)
FN:19,(anonymous_2)
FN:19,(anonymous_3)
FN:21,(anonymous_4)
FN:28,(anonymous_5)
FNF:6
FNH:6
FNDA:1,(anonymous_0)
FNDA:1,(anonymous_1)
FNDA:2,(anonymous_2)
FNDA:2,(anonymous_3)
FNDA:1,(anonymous_4)
FNDA:1,(anonymous_5)
DA:4,1
DA:7,1
DA:13,1
DA:19,2
DA:22,1
DA:23,1
DA:24,1
DA:25,1
DA:26,1
DA:29,1
DA:30,1
DA:31,1
LF:12
LH:12
BRF:0
BRH:0
end_of_record
TN:
SF:/Users/sccofield/Desktop/moreRecipes/client/src/actions/singleRecipes.js
FN:6,(anonymous_0)
FN:11,(anonymous_1)
FN:11,(anonymous_2)
FN:13,(anonymous_3)
FNF:4
FNH:1
FNDA:0,(anonymous_0)
FNDA:1,(anonymous_1)
FNDA:0,(anonymous_2)
FNDA:0,(anonymous_3)
DA:4,1
DA:6,1
DA:11,1
DA:14,0
DA:15,0
LF:5
LH:3
BRF:0
BRH:0
end_of_record
TN:
SF:/Users/sccofield/Desktop/moreRecipes/client/src/actions/upvote.js
FN:7,(anonymous_0)
FN:12,(anonymous_1)
FN:16,(anonymous_2)
FN:16,(anonymous_3)
FN:21,(anonymous_4)
FN:30,(anonymous_5)
FNF:6
FNH:5
FNDA:1,(anonymous_0)
FNDA:0,(anonymous_1)
FNDA:3,(anonymous_2)
FNDA:2,(anonymous_3)
FNDA:1,(anonymous_4)
FNDA:1,(anonymous_5)
DA:5,3
DA:7,3
DA:12,3
DA:16,3
DA:22,1
DA:23,1
DA:24,0
DA:25,0
DA:27,1
DA:28,1
DA:31,1
DA:32,0
LF:12
LH:9
BRDA:23,0,0,0
BRDA:23,0,1,1
BRF:2
BRH:1
end_of_record
TN:
SF:/Users/sccofield/Desktop/moreRecipes/client/src/components/Downvote.jsx
FN:19,(anonymous_0)
FN:29,(anonymous_1)
FN:39,(anonymous_2)
FN:41,(anonymous_3)
FN:54,(anonymous_4)
FN:79,(anonymous_5)
FNF:6
FNH:6
FNDA:2,(anonymous_0)
FNDA:1,(anonymous_1)
FNDA:2,(anonymous_2)
FNDA:2,(anonymous_3)
FNDA:2,(anonymous_4)
FNDA:2,(anonymous_5)
DA:20,2
DA:22,2
DA:30,1
DA:31,1
DA:41,2
DA:42,2
DA:43,2
DA:46,0
DA:55,2
DA:70,2
DA:79,2
DA:80,2
LF:12
LH:11
BRDA:42,0,0,2
BRDA:42,0,1,0
BRDA:58,1,0,2
BRDA:58,1,1,0
BRF:4
BRH:2
end_of_record
TN:
SF:/Users/sccofield/Desktop/moreRecipes/client/src/components/Favourite.jsx
FN:19,(anonymous_0)
FN:29,(anonymous_1)
FN:39,(anonymous_2)
FN:41,(anonymous_3)
FN:54,(anonymous_4)
FN:80,(anonymous_5)
FNF:6
FNH:5
FNDA:2,(anonymous_0)
FNDA:0,(anonymous_1)
FNDA:2,(anonymous_2)
FNDA:2,(anonymous_3)
FNDA:2,(anonymous_4)
FNDA:2,(anonymous_5)
DA:20,2
DA:22,2
DA:30,0
DA:31,0
DA:41,2
DA:42,2
DA:43,2
DA:46,0
DA:55,2
DA:72,2
DA:80,2
DA:81,2
LF:12
LH:9
BRDA:42,0,0,2
BRDA:42,0,1,0
BRDA:59,1,0,2
BRDA:59,1,1,0
BRF:4
BRH:2
end_of_record
TN:
SF:/Users/sccofield/Desktop/moreRecipes/client/src/components/Footer.jsx
FN:3,(anonymous_0)
FNF:1
FNH:1
FNDA:1,(anonymous_0)
DA:3,4
DA:4,1
LF:2
LH:2
BRF:0
BRH:0
end_of_record
TN:
SF:/Users/sccofield/Desktop/moreRecipes/client/src/components/Navbar.jsx
FN:8,(anonymous_0)
FN:79,(anonymous_1)
FN:83,(anonymous_2)
FN:84,(anonymous_3)
FNF:4
FNH:0
FNDA:0,(anonymous_0)
FNDA:0,(anonymous_1)
FNDA:0,(anonymous_2)
FNDA:0,(anonymous_3)
DA:8,4
DA:9,0
DA:79,4
DA:83,4
DA:85,0
DA:89,4
DA:94,4
LF:7
LH:5
BRDA:32,0,0,0
BRDA:32,0,1,0
BRDA:38,1,0,0
BRDA:38,1,1,0
BRDA:44,2,0,0
BRDA:44,2,1,0
BRDA:58,3,0,0
BRDA:58,3,1,0
BRDA:65,4,0,0
BRDA:65,4,1,0
BRF:10
BRH:0
end_of_record
TN:
SF:/Users/sccofield/Desktop/moreRecipes/client/src/components/PageHeader.jsx
FN:6,(anonymous_0)
FN:16,(anonymous_1)
FN:18,(anonymous_2)
FNF:3
FNH:3
FNDA:1,(anonymous_0)
FNDA:2,(anonymous_1)
FNDA:1,(anonymous_2)
DA:6,4
DA:7,1
DA:16,4
DA:19,1
LF:4
LH:4
BRF:0
BRH:0
end_of_record
TN:
SF:/Users/sccofield/Desktop/moreRecipes/client/src/components/Recipe.jsx
FN:6,(anonymous_0)
FNF:1
FNH:1
FNDA:2,(anonymous_0)
DA:6,1
DA:7,2
DA:69,1
DA:83,1
LF:4
LH:4
BRDA:9,0,0,2
BRDA:9,0,1,1
BRDA:63,1,0,2
BRDA:63,1,1,1
BRF:4
BRH:4
end_of_record
TN:
SF:/Users/sccofield/Desktop/moreRecipes/client/src/components/RecipeDetail.jsx
FN:26,(anonymous_0)
FN:37,(anonymous_1)
FN:120,(anonymous_2)
FN:197,(anonymous_3)
FN:203,(anonymous_4)
FNF:5
FNH:5
FNDA:1,(anonymous_0)
FNDA:1,(anonymous_1)
FNDA:1,(anonymous_2)
FNDA:1,(anonymous_3)
FNDA:2,(anonymous_4)
DA:27,1
DA:28,1
DA:38,1
DA:122,1
DA:163,1
DA:192,1
DA:197,1
DA:203,1
DA:204,2
LF:9
LH:9
BRDA:41,0,0,1
BRDA:41,0,1,1
BRDA:68,1,0,1
BRDA:68,1,1,1
BRDA:87,2,0,1
BRDA:87,2,1,0
BRF:6
BRH:5
end_of_record
TN:
SF:/Users/sccofield/Desktop/moreRecipes/client/src/components/Upvote.jsx
FN:19,(anonymous_0)
FN:29,(anonymous_1)
FN:39,(anonymous_2)
FN:41,(anonymous_3)
FN:54,(anonymous_4)
FN:80,(anonymous_5)
FNF:6
FNH:6
FNDA:2,(anonymous_0)
FNDA:1,(anonymous_1)
FNDA:2,(anonymous_2)
FNDA:2,(anonymous_3)
FNDA:2,(anonymous_4)
FNDA:2,(anonymous_5)
DA:20,2
DA:22,2
DA:30,1
DA:31,1
DA:41,2
DA:42,2
DA:43,2
DA:46,0
DA:55,2
DA:71,2
DA:80,2
DA:81,2
LF:12
LH:11
BRDA:42,0,0,2
BRDA:42,0,1,0
BRDA:58,1,0,2
BRDA:58,1,1,0
BRF:4
BRH:2
end_of_record
TN:
SF:/Users/sccofield/Desktop/moreRecipes/client/src/components/dashboard/FavoriteRecipes.jsx
FN:8,(anonymous_0)
FN:37,(anonymous_1)
FNF:2
FNH:2
FNDA:2,(anonymous_0)
FNDA:1,(anonymous_1)
DA:8,1
DA:9,2
DA:39,1
DA:90,1
DA:95,1
LF:5
LH:5
BRDA:11,0,0,1
BRDA:11,0,1,1
BRF:2
BRH:2
end_of_record
TN:
SF:/Users/sccofield/Desktop/moreRecipes/client/src/components/dashboard/MyRecipes.jsx
FN:8,(anonymous_0)
FN:37,(anonymous_1)
FNF:2
FNH:2
FNDA:2,(anonymous_0)
FNDA:1,(anonymous_1)
DA:8,1
DA:9,2
DA:38,1
DA:143,1
DA:149,1
LF:5
LH:5
BRDA:10,0,0,1
BRDA:10,0,1,1
BRF:2
BRH:2
end_of_record
TN:
SF:/Users/sccofield/Desktop/moreRecipes/client/src/components/editRecipe/EditRecipeForm.jsx
FN:5,(anonymous_0)
FN:12,(anonymous_1)
FNF:2
FNH:2
FNDA:3,(anonymous_0)
FNDA:1,(anonymous_1)
DA:5,1
DA:6,3
DA:12,1
LF:3
LH:3
BRDA:12,0,0,3
BRDA:12,0,1,1
BRDA:15,1,0,3
BRDA:15,1,1,3
BRDA:70,2,0,3
BRDA:70,2,1,1
BRF:6
BRH:6
end_of_record
TN:
SF:/Users/sccofield/Desktop/moreRecipes/client/src/components/postRecipe/FormValidator.jsx
FN:3,(anonymous_0)
FNF:1
FNH:0
FNDA:0,(anonymous_0)
DA:3,2
DA:4,0
DA:6,0
DA:7,0
DA:11,0
DA:12,0
DA:15,0
DA:16,0
DA:20,0
LF:9
LH:1
BRDA:6,0,0,0
BRDA:6,0,1,0
BRDA:11,1,0,0
BRDA:11,1,1,0
BRDA:15,2,0,0
BRDA:15,2,1,0
BRF:6
BRH:0
end_of_record
TN:
SF:/Users/sccofield/Desktop/moreRecipes/client/src/components/postRecipe/PostRecipe.jsx
FN:25,(anonymous_0)
FN:45,(anonymous_1)
FN:55,(anonymous_2)
FN:68,(anonymous_3)
FN:78,(anonymous_4)
FN:91,(anonymous_5)
FN:109,(anonymous_6)
FN:119,(anonymous_7)
FN:135,(anonymous_8)
FN:162,(anonymous_9)
FN:166,(anonymous_10)
FNF:11
FNH:7
FNDA:2,(anonymous_0)
FNDA:2,(anonymous_1)
FNDA:0,(anonymous_2)
FNDA:1,(anonymous_3)
FNDA:1,(anonymous_4)
FNDA:0,(anonymous_5)
FNDA:0,(anonymous_6)
FNDA:0,(anonymous_7)
FNDA:3,(anonymous_8)
FNDA:1,(anonymous_9)
FNDA:2,(anonymous_10)
DA:26,2
DA:28,2
DA:35,2
DA:36,2
DA:37,2
DA:46,2
DA:56,0
DA:57,0
DA:58,0
DA:69,1
DA:79,1
DA:80,1
DA:81,0
DA:83,0
DA:84,0
DA:85,0
DA:86,0
DA:87,0
DA:92,0
DA:93,0
DA:94,0
DA:97,0
DA:110,0
DA:120,0
DA:121,0
DA:122,0
DA:123,0
DA:125,0
DA:126,0
DA:136,3
DA:162,2
DA:166,2
DA:167,2
DA:169,2
DA:181,2
LF:35
LH:15
BRDA:56,0,0,0
BRDA:56,0,1,0
BRDA:80,1,0,0
BRDA:80,1,1,0
BRDA:83,2,0,0
BRDA:83,2,1,0
BRDA:121,3,0,0
BRDA:121,3,1,0
BRDA:150,4,0,3
BRDA:150,4,1,0
BRF:10
BRH:1
end_of_record
TN:
SF:/Users/sccofield/Desktop/moreRecipes/client/src/components/postRecipe/PostRecipeForm.jsx
FN:6,(anonymous_0)
FN:15,(anonymous_1)
FNF:2
FNH:2
FNDA:4,(anonymous_0)
FNDA:1,(anonymous_1)
DA:6,2
DA:7,4
DA:16,1
DA:110,2
DA:125,2
LF:5
LH:5
BRDA:13,0,0,4
BRDA:13,0,1,1
BRDA:79,1,0,4
BRDA:79,1,1,1
BRF:4
BRH:4
end_of_record
TN:
SF:/Users/sccofield/Desktop/moreRecipes/client/src/components/register/RegisterForm.jsx
FN:4,(anonymous_0)
FN:23,(anonymous_1)
FNF:2
FNH:2
FNDA:3,(anonymous_0)
FNDA:1,(anonymous_1)
DA:4,1
DA:5,3
DA:23,1
DA:89,1
DA:102,1
LF:5
LH:5
BRDA:17,0,0,3
BRDA:17,0,1,1
BRDA:21,1,0,3
BRDA:21,1,1,1
BRF:4
BRH:4
end_of_record
TN:
SF:/Users/sccofield/Desktop/moreRecipes/client/src/components/review/Review.jsx
FN:21,(anonymous_0)
FN:37,(anonymous_1)
FN:51,(anonymous_2)
FN:63,(anonymous_3)
FN:81,(anonymous_4)
FN:124,(anonymous_5)
FN:157,(anonymous_6)
FN:162,(anonymous_7)
FNF:8
FNH:5
FNDA:2,(anonymous_0)
FNDA:0,(anonymous_1)
FNDA:1,(anonymous_2)
FNDA:0,(anonymous_3)
FNDA:3,(anonymous_4)
FNDA:0,(anonymous_5)
FNDA:1,(anonymous_6)
FNDA:2,(anonymous_7)
DA:22,2
DA:23,2
DA:27,2
DA:28,2
DA:38,0
DA:39,0
DA:52,1
DA:64,0
DA:69,0
DA:70,0
DA:82,3
DA:125,0
DA:147,2
DA:154,2
DA:157,2
DA:162,2
DA:163,2
LF:17
LH:11
BRDA:38,0,0,0
BRDA:38,0,1,0
BRDA:88,1,0,3
BRDA:88,1,1,3
BRDA:111,2,0,3
BRDA:111,2,1,0
BRDA:121,3,0,3
BRDA:121,3,1,0
BRF:8
BRH:4
end_of_record
TN:
SF:/Users/sccofield/Desktop/moreRecipes/client/src/reducers/recipe.js
FN:50,(anonymous_0)
FN:122,(anonymous_1)
FN:145,(anonymous_2)
FN:158,(anonymous_3)
FN:168,(anonymous_4)
FN:181,(anonymous_5)
FN:190,(anonymous_6)
FNF:7
FNH:5
FNDA:18,(anonymous_0)
FNDA:2,(anonymous_1)
FNDA:2,(anonymous_2)
FNDA:0,(anonymous_3)
FNDA:2,(anonymous_4)
FNDA:0,(anonymous_5)
FNDA:2,(anonymous_6)
DA:20,1
DA:22,1
DA:51,18
DA:53,1
DA:58,1
DA:65,1
DA:71,1
DA:77,1
DA:84,1
DA:91,1
DA:97,1
DA:106,1
DA:113,1
DA:119,1
DA:122,2
DA:129,1
DA:140,1
DA:145,2
DA:149,1
DA:159,0
DA:163,1
DA:168,2
DA:172,1
DA:181,0
DA:185,1
DA:191,2
DA:195,1
LF:27
LH:25
BRDA:50,0,0,0
BRDA:50,1,0,1
BRDA:51,2,0,1
BRDA:51,2,1,1
BRDA:51,2,2,1
BRDA:51,2,3,1
BRDA:51,2,4,1
BRDA:51,2,5,1
BRDA:51,2,6,1
BRDA:51,2,7,1
BRDA:51,2,8,1
BRDA:51,2,9,1
BRDA:51,2,10,1
BRDA:51,2,11,1
BRDA:51,2,12,1
BRDA:51,2,13,1
BRDA:51,2,14,1
BRDA:51,2,15,1
BRDA:51,2,16,1
BRDA:51,2,17,1
BRDA:134,3,0,1
BRDA:134,3,1,0
BRF:22
BRH:20
end_of_record
TN:
SF:/Users/sccofield/Desktop/moreRecipes/client/src/reducers/user.js
FN:13,(anonymous_0)
FNF:1
FNH:1
FNDA:6,(anonymous_0)
DA:5,1
DA:7,1
DA:14,6
DA:17,1
DA:24,1
DA:31,1
DA:39,1
DA:46,1
DA:55,1
LF:9
LH:9
BRDA:9,0,0,1
BRDA:9,0,1,1
BRDA:13,1,0,0
BRDA:13,2,0,1
BRDA:14,3,0,1
BRDA:14,3,1,1
BRDA:14,3,2,1
BRDA:14,3,3,1
BRDA:14,3,4,1
BRDA:14,3,5,1
BRF:10
BRH:9
end_of_record
